#
# A fatal error has been detected by the Java Runtime Environment:
#
#  SIGSEGV (0xb) at pc=0x00007fe8a361a757, pid=9217, tid=140636848224000
#
# JRE version: Java(TM) SE Runtime Environment (7.0_55-b13) (build 1.7.0_55-b13)
# Java VM: Java HotSpot(TM) 64-Bit Server VM (24.55-b03 mixed mode linux-amd64 compressed oops)
# Problematic frame:
# C  [libc.so.6+0x149757]  __nss_hosts_lookup+0x11647
#
# Failed to write core dump. Core dumps have been disabled. To enable core dumping, try "ulimit -c unlimited" before starting Java again
#
# If you would like to submit a bug report, please visit:
#   http://bugreport.sun.com/bugreport/crash.jsp
# The crash happened outside the Java Virtual Machine in native code.
# See problematic frame for where to report the bug.
#

---------------  T H R E A D  ---------------

Current thread (0x00007fe860001000):  JavaThread "http-bio-8080-exec-1" daemon [_thread_in_native, id=9314, stack(0x00007fe891517000,0x00007fe891618000)]

siginfo:si_signo=SIGSEGV: si_errno=0, si_code=2 (SEGV_ACCERR), si_addr=0x00007fe892ecc000

Registers:
RAX=0x00007fe86849c420, RBX=0x000000000000656e, RCX=0x0000000000004000, RDX=0x000000000000321e
RSP=0x00007fe891614468, RBP=0x00007fe8916144c0, RSI=0x00007fe892ecbfc4, RDI=0x00007fe86849f6f0
R8 =0x00007fe86849c420, R9 =0x00007fe8a361a740, R10=0x00007fe868000078, R11=0x00007fe8a3658eb0
R12=0x00007fe892ec8cc6, R13=0x00007fe86849a370, R14=0x000000000000712d, R15=0x00007fe858033870
RIP=0x00007fe8a361a757, EFLAGS=0x0000000000010206, CSGSFS=0x0000000000000033, ERR=0x0000000000000004
  TRAPNO=0x000000000000000e

Top of Stack: (sp=0x00007fe891614468)
0x00007fe891614468:   00007fe8a12d1b07 000000077e400c70
0x00007fe891614478:   2f782de800000000 000000000000656e
0x00007fe891614488:   00000000682e7865 00007fe86849a370
0x00007fe891614498:   00007fe8580404c0 00007fe858033870
0x00007fe8916144a8:   00007fe8589fa840 00000000bf01840c
0x00007fe8916144b8:   00007fe891614520 00007fe891614500
0x00007fe8916144c8:   00007fe8a12d20b0 0000001e91614500
0x00007fe8916144d8:   00007fe891614520 000000000000001e
0x00007fe8916144e8:   00007fe8600011e8 00007fe891614520
0x00007fe8916144f8:   00007fe891614978 00007fe891614960
0x00007fe891614508:   00007fe8a12d0eed 01007fe8a0544740
0x00007fe891614518:   00007fe858033870 676e652d736d636e
0x00007fe891614528:   6e2f78712d656e69 65646e692f736d63
0x00007fe891614538:   00006c6d74682e78 0000000000000000
0x00007fe891614548:   00007fe8916148b0 0000000000000000
0x00007fe891614558:   00007fe8910101b0 00007fe891614740
0x00007fe891614568:   00007fe891614518 00007fe891614559
0x00007fe891614578:   0000000800000002 00007fe891614b00
0x00007fe891614588:   00007fe891614b60 00007fe8a344b8b0
0x00007fe891614598:   00007fe8a0547200 00000000a0542b00
0x00007fe8916145a8:   0000000000000000 0000000000000000
0x00007fe8916145b8:   0000000781357b78 00007fe868071c00
0x00007fe8916145c8:   00007fe8a0547201 00007fe891614dd0
0x00007fe8916145d8:   0000000000000000 00007fe860001000
0x00007fe8916145e8:   00007fe89c05f350 00007fe864000b78
0x00007fe8916145f8:   00007fe860001000 00007fe8916147b0
0x00007fe891614608:   00007fe8a2cacfbb 00007fe860001000
0x00007fe891614618:   00007fe89c015540 0000000000000000
0x00007fe891614628:   00007fe864000b70 00007fe8a34523d0
0x00007fe891614638:   00007fe8a0547200 0000000000000000
0x00007fe891614648:   00007fe80000000d 00007fe891614510
0x00007fe891614658:   0000003000000020 00007fe8916147c0 

Instructions: (pc=0x00007fe8a361a757)
0x00007fe8a361a737:   48 8d 52 c0 41 ff e1 0f 0b 0f 18 86 c0 01 00 00
0x00007fe8a361a747:   48 83 ea 40 0f 28 56 0c 0f 28 5e 1c 0f 28 66 2c
0x00007fe8a361a757:   0f 28 6e 3c 66 0f 6f f5 66 0f 3a 0f ec 04 48 8d
0x00007fe8a361a767:   76 40 66 0f 3a 0f e3 04 66 0f 3a 0f da 04 48 8d 

Register to memory mapping:

RAX=0x00007fe86849c420 is an unknown value
RBX=0x000000000000656e is an unknown value
RCX=0x0000000000004000 is an unknown value
RDX=0x000000000000321e is an unknown value
RSP=0x00007fe891614468 is pointing into the stack for thread: 0x00007fe860001000
RBP=0x00007fe8916144c0 is pointing into the stack for thread: 0x00007fe860001000
RSI=0x00007fe892ecbfc4 is an unknown value
RDI=0x00007fe86849f6f0 is an unknown value
R8 =0x00007fe86849c420 is an unknown value
R9 =0x00007fe8a361a740: <offset 0x149740> in /lib/x86_64-linux-gnu/libc.so.6 at 0x00007fe8a34d1000
R10=0x00007fe868000078 is an unknown value
R11=0x00007fe8a3658eb0: <offset 0x187eb0> in /lib/x86_64-linux-gnu/libc.so.6 at 0x00007fe8a34d1000
R12=0x00007fe892ec8cc6 is an unknown value
R13=0x00007fe86849a370 is an unknown value
R14=0x000000000000712d is an unknown value
R15=0x00007fe858033870 is an unknown value


Stack: [0x00007fe891517000,0x00007fe891618000],  sp=0x00007fe891614468,  free space=1013k
Native frames: (J=compiled Java code, j=interpreted, Vv=VM code, C=native code)
C  [libc.so.6+0x149757]  __nss_hosts_lookup+0x11647
C  [libzip.so+0x50b0]  ZIP_GetEntry+0xd0
C  [libzip.so+0x3eed]  Java_java_util_zip_ZipFile_getEntry+0xad
J  java.util.zip.ZipFile.getEntry(J[BZ)J

Java frames: (J=compiled Java code, j=interpreted, Vv=VM code)
J  java.util.zip.ZipFile.getEntry(J[BZ)J
J  java.util.jar.JarFile.getEntry(Ljava/lang/String;)Ljava/util/zip/ZipEntry;
J  sun.misc.URLClassPath$JarLoader.getResource(Ljava/lang/String;Z)Lsun/misc/Resource;
J  sun.misc.URLClassPath.findResource(Ljava/lang/String;Z)Ljava/net/URL;
j  java.net.URLClassLoader$2.run()Ljava/net/URL;+12
j  java.net.URLClassLoader$2.run()Ljava/lang/Object;+1
v  ~StubRoutines::call_stub
j  java.security.AccessController.doPrivileged(Ljava/security/PrivilegedAction;Ljava/security/AccessControlContext;)Ljava/lang/Object;+0
j  java.net.URLClassLoader.findResource(Ljava/lang/String;)Ljava/net/URL;+13
j  org.apache.catalina.loader.WebappClassLoader.findResource(Ljava/lang/String;)Ljava/net/URL;+152
j  org.apache.catalina.loader.WebappClassLoader.getResource(Ljava/lang/String;)Ljava/net/URL;+156
j  com.softmotions.web.JarResourcesServlet$MappingSlot.getResourceUrl(Ljava/lang/String;)Ljava/net/URL;+357
j  com.softmotions.web.JarResourcesServlet.getContentDescriptor(Ljava/lang/String;)Lcom/softmotions/web/JarResourcesProvider$ContentDescriptor;+14
j  com.softmotions.web.JarResourcesServlet.getContent(Ljavax/servlet/http/HttpServletRequest;Ljavax/servlet/http/HttpServletResponse;Z)V+7
j  com.softmotions.web.JarResourcesServlet.doGet(Ljavax/servlet/http/HttpServletRequest;Ljavax/servlet/http/HttpServletResponse;)V+4
j  javax.servlet.http.HttpServlet.service(Ljavax/servlet/http/HttpServletRequest;Ljavax/servlet/http/HttpServletResponse;)V+35
j  javax.servlet.http.HttpServlet.service(Ljavax/servlet/ServletRequest;Ljavax/servlet/ServletResponse;)V+30
j  com.google.inject.servlet.ServletDefinition.doService(Ljavax/servlet/ServletRequest;Ljavax/servlet/ServletResponse;)V+26
j  com.google.inject.servlet.ServletDefinition.service(Ljavax/servlet/ServletRequest;Ljavax/servlet/ServletResponse;)Z+41
j  com.google.inject.servlet.ManagedServletPipeline.service(Ljavax/servlet/ServletRequest;Ljavax/servlet/ServletResponse;)Z+29
j  com.google.inject.servlet.FilterChainInvocation.doFilter(Ljavax/servlet/ServletRequest;Ljavax/servlet/ServletResponse;)V+46
j  com.softmotions.web.AccessControlHDRFilter.doFilter(Ljavax/servlet/ServletRequest;Ljavax/servlet/ServletResponse;Ljavax/servlet/FilterChain;)V+96
j  com.google.inject.servlet.FilterDefinition.doFilter(Ljavax/servlet/ServletRequest;Ljavax/servlet/ServletResponse;Lcom/google/inject/servlet/FilterChainInvocation;)V+50
j  com.google.inject.servlet.FilterChainInvocation.doFilter(Ljavax/servlet/ServletRequest;Ljavax/servlet/ServletResponse;)V+34
j  com.softmotions.web.security.SecurityFakeEnvFilter.doFilter(Ljavax/servlet/ServletRequest;Ljavax/servlet/ServletResponse;Ljavax/servlet/FilterChain;)V+38
j  com.google.inject.servlet.FilterDefinition.doFilter(Ljavax/servlet/ServletRequest;Ljavax/servlet/ServletResponse;Lcom/google/inject/servlet/FilterChainInvocation;)V+50
j  com.google.inject.servlet.FilterChainInvocation.doFilter(Ljavax/servlet/ServletRequest;Ljavax/servlet/ServletResponse;)V+34
j  com.google.inject.servlet.ManagedFilterPipeline.dispatch(Ljavax/servlet/ServletRequest;Ljavax/servlet/ServletResponse;Ljavax/servlet/FilterChain;)V+49
j  com.google.inject.servlet.GuiceFilter.doFilter(Ljavax/servlet/ServletRequest;Ljavax/servlet/ServletResponse;Ljavax/servlet/FilterChain;)V+57
j  org.apache.catalina.core.ApplicationFilterChain.internalDoFilter(Ljavax/servlet/ServletRequest;Ljavax/servlet/ServletResponse;)V+151
j  org.apache.catalina.core.ApplicationFilterChain.doFilter(Ljavax/servlet/ServletRequest;Ljavax/servlet/ServletResponse;)V+101
j  com.softmotions.web.CharsetFilter.doFilter(Ljavax/servlet/ServletRequest;Ljavax/servlet/ServletResponse;Ljavax/servlet/FilterChain;)V+22
j  org.apache.catalina.core.ApplicationFilterChain.internalDoFilter(Ljavax/servlet/ServletRequest;Ljavax/servlet/ServletResponse;)V+151
j  org.apache.catalina.core.ApplicationFilterChain.doFilter(Ljavax/servlet/ServletRequest;Ljavax/servlet/ServletResponse;)V+101
j  org.apache.catalina.core.StandardWrapperValve.invoke(Lorg/apache/catalina/connector/Request;Lorg/apache/catalina/connector/Response;)V+783
j  org.apache.catalina.core.StandardContextValve.invoke(Lorg/apache/catalina/connector/Request;Lorg/apache/catalina/connector/Response;)V+166
j  org.apache.catalina.core.StandardHostValve.invoke(Lorg/apache/catalina/connector/Request;Lorg/apache/catalina/connector/Response;)V+148
j  org.apache.catalina.valves.ErrorReportValve.invoke(Lorg/apache/catalina/connector/Request;Lorg/apache/catalina/connector/Response;)V+6
j  org.apache.catalina.valves.AccessLogValve.invoke(Lorg/apache/catalina/connector/Request;Lorg/apache/catalina/connector/Response;)V+6
j  org.apache.catalina.core.StandardEngineValve.invoke(Lorg/apache/catalina/connector/Request;Lorg/apache/catalina/connector/Response;)V+71
j  org.apache.catalina.connector.CoyoteAdapter.service(Lorg/apache/coyote/Request;Lorg/apache/coyote/Response;)V+196
j  org.apache.coyote.http11.AbstractHttp11Processor.process(Lorg/apache/tomcat/util/net/SocketWrapper;)Lorg/apache/tomcat/util/net/AbstractEndpoint$Handler$SocketState;+640
j  org.apache.coyote.AbstractProtocol$AbstractConnectionHandler.process(Lorg/apache/tomcat/util/net/SocketWrapper;Lorg/apache/tomcat/util/net/SocketStatus;)Lorg/apache/tomcat/util/net/AbstractEndpoint$Handler$SocketState;+214
j  org.apache.tomcat.util.net.JIoEndpoint$SocketProcessor.run()V+106
j  java.util.concurrent.ThreadPoolExecutor.runWorker(Ljava/util/concurrent/ThreadPoolExecutor$Worker;)V+95
j  java.util.concurrent.ThreadPoolExecutor$Worker.run()V+5
j  java.lang.Thread.run()V+11
v  ~StubRoutines::call_stub

---------------  P R O C E S S  ---------------

Java Threads: ( => current thread )
  0x00007fe860007800 JavaThread "http-bio-8080-exec-6" daemon [_thread_in_native, id=9319, stack(0x00007fe891214000,0x00007fe891315000)]
  0x00007fe860005800 JavaThread "http-bio-8080-exec-5" daemon [_thread_in_native, id=9318, stack(0x00007fe891315000,0x00007fe891416000)]
  0x00007fe860004000 JavaThread "http-bio-8080-exec-4" daemon [_thread_in_native, id=9317, stack(0x00007fe891416000,0x00007fe891517000)]
  0x00007fe860003800 JavaThread "http-bio-8080-exec-3" daemon [_thread_in_native, id=9316, stack(0x00007fe892ecc000,0x00007fe892fcd000)]
  0x00007fe860002800 JavaThread "http-bio-8080-exec-2" daemon [_thread_in_native, id=9315, stack(0x00007fe892fcd000,0x00007fe8930ce000)]
=>0x00007fe860001000 JavaThread "http-bio-8080-exec-1" daemon [_thread_in_native, id=9314, stack(0x00007fe891517000,0x00007fe891618000)]
  0x00007fe89c345800 JavaThread "http-bio-8080-AsyncTimeout" daemon [_thread_blocked, id=9262, stack(0x00007fe891618000,0x00007fe891719000)]
  0x00007fe89c344000 JavaThread "http-bio-8080-Acceptor-0" daemon [_thread_in_native, id=9261, stack(0x00007fe891719000,0x00007fe89181a000)]
  0x00007fe89c342800 JavaThread "ContainerBackgroundProcessor[StandardEngine[Tomcat]]" daemon [_thread_blocked, id=9260, stack(0x00007fe89181a000,0x00007fe89191b000)]
  0x00007fe8589f2800 JavaThread "H2 Log Writer NCMS-DEV-DB" daemon [_thread_blocked, id=9258, stack(0x00007fe89191b000,0x00007fe891a1c000)]
  0x00007fe858993000 JavaThread "H2 File Lock Watchdog /home/dimad/ncms-dev-db.lock.db" daemon [_thread_blocked, id=9257, stack(0x00007fe892062000,0x00007fe892163000)]
  0x00007fe8588c1800 JavaThread "Statistics Thread-__DEFAULT__-1" daemon [_thread_blocked, id=9255, stack(0x00007fe8925e8000,0x00007fe8926e9000)]
  0x00007fe8588a3800 JavaThread "ninja.data" [_thread_blocked, id=9254, stack(0x00007fe8926e9000,0x00007fe8927ea000)]
  0x00007fe85889a000 JavaThread "__DEFAULT__" daemon [_thread_blocked, id=9252, stack(0x00007fe8927ea000,0x00007fe8928eb000)]
  0x00007fe85851a000 JavaThread "com.google.inject.internal.util.$Finalizer" daemon [_thread_blocked, id=9250, stack(0x00007fe892956000,0x00007fe892a57000)]
  0x00007fe89c091800 JavaThread "Service Thread" daemon [_thread_blocked, id=9241, stack(0x00007fe8981f2000,0x00007fe8982f3000)]
  0x00007fe89c08f800 JavaThread "C2 CompilerThread1" daemon [_thread_blocked, id=9240, stack(0x00007fe8982f3000,0x00007fe8983f4000)]
  0x00007fe89c08c800 JavaThread "C2 CompilerThread0" daemon [_thread_blocked, id=9239, stack(0x00007fe8983f4000,0x00007fe8984f5000)]
  0x00007fe89c082000 JavaThread "Signal Dispatcher" daemon [_thread_blocked, id=9238, stack(0x00007fe8984f5000,0x00007fe8985f6000)]
  0x00007fe89c06b800 JavaThread "Finalizer" daemon [_thread_blocked, id=9237, stack(0x00007fe8985f6000,0x00007fe8986f7000)]
  0x00007fe89c067000 JavaThread "Reference Handler" daemon [_thread_blocked, id=9236, stack(0x00007fe8986f7000,0x00007fe8987f8000)]
  0x00007fe89c00a000 JavaThread "main" [_thread_blocked, id=9232, stack(0x00007fe8a3fc9000,0x00007fe8a40ca000)]

Other Threads:
  0x00007fe89c065000 VMThread [stack: 0x00007fe8987f8000,0x00007fe8988f9000] [id=9235]
  0x00007fe89c09c000 WatcherThread [stack: 0x00007fe8980f1000,0x00007fe8981f2000] [id=9242]

VM state:not at safepoint (normal execution)

VM Mutex/Monitor currently owned by a thread: None

Heap
 PSYoungGen      total 271360K, used 144686K [0x00000007d6700000, 0x00000007f2380000, 0x0000000800000000)
  eden space 252416K, 49% used [0x00000007d6700000,0x00000007de1d0420,0x00000007e5d80000)
  from space 18944K, 99% used [0x00000007e5d80000,0x00000007e6ffb720,0x00000007e7000000)
  to   space 25600K, 0% used [0x00000007f0a80000,0x00000007f0a80000,0x00000007f2380000)
 ParOldGen       total 84992K, used 29964K [0x0000000783600000, 0x0000000788900000, 0x00000007d6700000)
  object space 84992K, 35% used [0x0000000783600000,0x0000000785343108,0x0000000788900000)
 PSPermGen       total 55296K, used 55218K [0x000000077e400000, 0x0000000781a00000, 0x0000000783600000)
  object space 55296K, 99% used [0x000000077e400000,0x00000007819ecb78,0x0000000781a00000)

Card table byte_map: [0x00007fe8a0ebe000,0x00007fe8a12cd000] byte_map_base: 0x00007fe89d2cc000

Polling page: 0x00007fe8a40ef000

Code Cache  [0x00007fe899000000, 0x00007fe899350000, 0x00007fe89c000000)
 total_blobs=1437 nmethods=1017 adapters=372 free_code_cache=45833Kb largest_free_block=46879104

Compilation events (10 events):
Event: 37,732 Thread 0x00007fe89c08f800 1102 %           java.util.Arrays::fill @ 5 (21 bytes)
Event: 37,735 Thread 0x00007fe89c08f800 nmethod 1102% 0x00007fe899333390 code [0x00007fe8993334e0, 0x00007fe899333698]
Event: 37,737 Thread 0x00007fe89c08c800 1103             sun.nio.cs.ext.DoubleByte$Encoder::initC2B (493 bytes)
Event: 37,747 Thread 0x00007fe89c08f800 1104             java.util.Arrays::fill (21 bytes)
Event: 37,748 Thread 0x00007fe89c08f800 nmethod 1104 0x00007fe899333110 code [0x00007fe899333240, 0x00007fe8993332d8]
Event: 37,770 Thread 0x00007fe89c08f800 1105             sun.nio.cs.CharsetMapping::readCharArray (112 bytes)
Event: 37,779 Thread 0x00007fe89c08f800 nmethod 1105 0x00007fe899344610 code [0x00007fe899344760, 0x00007fe899344c78]
Event: 37,779 Thread 0x00007fe89c08c800 nmethod 1103 0x00007fe899349450 code [0x00007fe899349640, 0x00007fe89934a3e0]
Event: 38,062 Thread 0x00007fe89c08f800 1106             java.util.Properties::load0 (250 bytes)
Event: 38,080 Thread 0x00007fe89c08f800 nmethod 1106 0x00007fe899330b10 code [0x00007fe899330ca0, 0x00007fe8993314a0]

GC Heap History (10 events):
Event: 6,739 GC heap before
{Heap before GC invocations=5 (full 0):
 PSYoungGen      total 69632K, used 69632K [0x00000007d6700000, 0x00000007db000000, 0x0000000800000000)
  eden space 64512K, 100% used [0x00000007d6700000,0x00000007da600000,0x00000007da600000)
  from space 5120K, 100% used [0x00000007dab00000,0x00000007db000000,0x00000007db000000)
  to   space 5120K, 0% used [0x00000007da600000,0x00000007da600000,0x00000007dab00000)
 ParOldGen       total 84992K, used 5851K [0x0000000783600000, 0x0000000788900000, 0x00000007d6700000)
  object space 84992K, 6% used [0x0000000783600000,0x0000000783bb6f78,0x0000000788900000)
 PSPermGen       total 21504K, used 14025K [0x000000077e400000, 0x000000077f900000, 0x0000000783600000)
  object space 21504K, 65% used [0x000000077e400000,0x000000077f1b2608,0x000000077f900000)
Event: 6,781 GC heap after
Heap after GC invocations=5 (full 0):
 PSYoungGen      total 69632K, used 5120K [0x00000007d6700000, 0x00000007df700000, 0x0000000800000000)
  eden space 64512K, 0% used [0x00000007d6700000,0x00000007d6700000,0x00000007da600000)
  from space 5120K, 100% used [0x00000007da600000,0x00000007dab00000,0x00000007dab00000)
  to   space 9216K, 0% used [0x00000007dee00000,0x00000007dee00000,0x00000007df700000)
 ParOldGen       total 84992K, used 8951K [0x0000000783600000, 0x0000000788900000, 0x00000007d6700000)
  object space 84992K, 10% used [0x0000000783600000,0x0000000783ebdf88,0x0000000788900000)
 PSPermGen       total 21504K, used 14025K [0x000000077e400000, 0x000000077f900000, 0x0000000783600000)
  object space 21504K, 65% used [0x000000077e400000,0x000000077f1b2608,0x000000077f900000)
}
Event: 8,263 GC heap before
{Heap before GC invocations=6 (full 0):
 PSYoungGen      total 69632K, used 69632K [0x00000007d6700000, 0x00000007df700000, 0x0000000800000000)
  eden space 64512K, 100% used [0x00000007d6700000,0x00000007da600000,0x00000007da600000)
  from space 5120K, 100% used [0x00000007da600000,0x00000007dab00000,0x00000007dab00000)
  to   space 9216K, 0% used [0x00000007dee00000,0x00000007dee00000,0x00000007df700000)
 ParOldGen       total 84992K, used 8951K [0x0000000783600000, 0x0000000788900000, 0x00000007d6700000)
  object space 84992K, 10% used [0x0000000783600000,0x0000000783ebdf88,0x0000000788900000)
 PSPermGen       total 21504K, used 15052K [0x000000077e400000, 0x000000077f900000, 0x0000000783600000)
  object space 21504K, 69% used [0x000000077e400000,0x000000077f2b3068,0x000000077f900000)
Event: 8,288 GC heap after
Heap after GC invocations=6 (full 0):
 PSYoungGen      total 137216K, used 9125K [0x00000007d6700000, 0x00000007df900000, 0x0000000800000000)
  eden space 128000K, 0% used [0x00000007d6700000,0x00000007d6700000,0x00000007de400000)
  from space 9216K, 99% used [0x00000007dee00000,0x00000007df6e94f8,0x00000007df700000)
  to   space 10240K, 0% used [0x00000007de400000,0x00000007de400000,0x00000007dee00000)
 ParOldGen       total 84992K, used 8951K [0x0000000783600000, 0x0000000788900000, 0x00000007d6700000)
  object space 84992K, 10% used [0x0000000783600000,0x0000000783ebdf88,0x0000000788900000)
 PSPermGen       total 21504K, used 15052K [0x000000077e400000, 0x000000077f900000, 0x0000000783600000)
  object space 21504K, 69% used [0x000000077e400000,0x000000077f2b3068,0x000000077f900000)
}
Event: 11,172 GC heap before
{Heap before GC invocations=7 (full 0):
 PSYoungGen      total 137216K, used 137125K [0x00000007d6700000, 0x00000007df900000, 0x0000000800000000)
  eden space 128000K, 100% used [0x00000007d6700000,0x00000007de400000,0x00000007de400000)
  from space 9216K, 99% used [0x00000007dee00000,0x00000007df6e94f8,0x00000007df700000)
  to   space 10240K, 0% used [0x00000007de400000,0x00000007de400000,0x00000007dee00000)
 ParOldGen       total 84992K, used 8951K [0x0000000783600000, 0x0000000788900000, 0x00000007d6700000)
  object space 84992K, 10% used [0x0000000783600000,0x0000000783ebdf88,0x0000000788900000)
 PSPermGen       total 23552K, used 23276K [0x000000077e400000, 0x000000077fb00000, 0x0000000783600000)
  object space 23552K, 98% used [0x000000077e400000,0x000000077fabb260,0x000000077fb00000)
Event: 11,212 GC heap after
Heap after GC invocations=7 (full 0):
 PSYoungGen      total 138240K, used 10229K [0x00000007d6700000, 0x00000007e7f00000, 0x0000000800000000)
  eden space 128000K, 0% used [0x00000007d6700000,0x00000007d6700000,0x00000007de400000)
  from space 10240K, 99% used [0x00000007de400000,0x00000007dedfd7a8,0x00000007dee00000)
  to   space 15360K, 0% used [0x00000007e7000000,0x00000007e7000000,0x00000007e7f00000)
 ParOldGen       total 84992K, used 16407K [0x0000000783600000, 0x0000000788900000, 0x00000007d6700000)
  object space 84992K, 19% used [0x0000000783600000,0x0000000784605ce8,0x0000000788900000)
 PSPermGen       total 23552K, used 23276K [0x000000077e400000, 0x000000077fb00000, 0x0000000783600000)
  object space 23552K, 98% used [0x000000077e400000,0x000000077fabb260,0x000000077fb00000)
}
Event: 13,266 GC heap before
{Heap before GC invocations=8 (full 0):
 PSYoungGen      total 138240K, used 138229K [0x00000007d6700000, 0x00000007e7f00000, 0x0000000800000000)
  eden space 128000K, 100% used [0x00000007d6700000,0x00000007de400000,0x00000007de400000)
  from space 10240K, 99% used [0x00000007de400000,0x00000007dedfd7a8,0x00000007dee00000)
  to   space 15360K, 0% used [0x00000007e7000000,0x00000007e7000000,0x00000007e7f00000)
 ParOldGen       total 84992K, used 16407K [0x0000000783600000, 0x0000000788900000, 0x00000007d6700000)
  object space 84992K, 19% used [0x0000000783600000,0x0000000784605ce8,0x0000000788900000)
 PSPermGen       total 33280K, used 33132K [0x000000077e400000, 0x0000000780480000, 0x0000000783600000)
  object space 33280K, 99% used [0x000000077e400000,0x000000078045b120,0x0000000780480000)
Event: 13,306 GC heap after
Heap after GC invocations=8 (full 0):
 PSYoungGen      total 267776K, used 15347K [0x00000007d6700000, 0x00000007e8600000, 0x0000000800000000)
  eden space 252416K, 0% used [0x00000007d6700000,0x00000007d6700000,0x00000007e5d80000)
  from space 15360K, 99% used [0x00000007e7000000,0x00000007e7efcc08,0x00000007e7f00000)
  to   space 18944K, 0% used [0x00000007e5d80000,0x00000007e5d80000,0x00000007e7000000)
 ParOldGen       total 84992K, used 20670K [0x0000000783600000, 0x0000000788900000, 0x00000007d6700000)
  object space 84992K, 24% used [0x0000000783600000,0x0000000784a2fbf8,0x0000000788900000)
 PSPermGen       total 33280K, used 33132K [0x000000077e400000, 0x0000000780480000, 0x0000000783600000)
  object space 33280K, 99% used [0x000000077e400000,0x000000078045b120,0x0000000780480000)
}
Event: 16,671 GC heap before
{Heap before GC invocations=9 (full 0):
 PSYoungGen      total 267776K, used 267763K [0x00000007d6700000, 0x00000007e8600000, 0x0000000800000000)
  eden space 252416K, 100% used [0x00000007d6700000,0x00000007e5d80000,0x00000007e5d80000)
  from space 15360K, 99% used [0x00000007e7000000,0x00000007e7efcc08,0x00000007e7f00000)
  to   space 18944K, 0% used [0x00000007e5d80000,0x00000007e5d80000,0x00000007e7000000)
 ParOldGen       total 84992K, used 20670K [0x0000000783600000, 0x0000000788900000, 0x00000007d6700000)
  object space 84992K, 24% used [0x0000000783600000,0x0000000784a2fbf8,0x0000000788900000)
 PSPermGen       total 48640K, used 48442K [0x000000077e400000, 0x0000000781380000, 0x0000000783600000)
  object space 48640K, 99% used [0x000000077e400000,0x000000078134e8d0,0x0000000781380000)
Event: 16,741 GC heap after
Heap after GC invocations=9 (full 0):
 PSYoungGen      total 271360K, used 18925K [0x00000007d6700000, 0x00000007f2380000, 0x0000000800000000)
  eden space 252416K, 0% used [0x00000007d6700000,0x00000007d6700000,0x00000007e5d80000)
  from space 18944K, 99% used [0x00000007e5d80000,0x00000007e6ffb720,0x00000007e7000000)
  to   space 25600K, 0% used [0x00000007f0a80000,0x00000007f0a80000,0x00000007f2380000)
 ParOldGen       total 84992K, used 29964K [0x0000000783600000, 0x0000000788900000, 0x00000007d6700000)
  object space 84992K, 35% used [0x0000000783600000,0x0000000785343108,0x0000000788900000)
 PSPermGen       total 48640K, used 48442K [0x000000077e400000, 0x0000000781380000, 0x0000000783600000)
  object space 48640K, 99% used [0x000000077e400000,0x000000078134e8d0,0x0000000781380000)
}

Deoptimization events (10 events):
Event: 16,871 Thread 0x00007fe864001800 Uncommon trap: reason=class_check action=maybe_recompile pc=0x00007fe8992cbef0 method=java.lang.Throwable.<init>(Ljava/lang/Throwable;)V @ 24
Event: 16,871 Thread 0x00007fe864001800 Uncommon trap: reason=class_check action=maybe_recompile pc=0x00007fe8992cbef0 method=java.lang.Throwable.<init>(Ljava/lang/Throwable;)V @ 24
Event: 16,871 Thread 0x00007fe864001800 Uncommon trap: reason=class_check action=maybe_recompile pc=0x00007fe8992cbef0 method=java.lang.Throwable.<init>(Ljava/lang/Throwable;)V @ 24
Event: 16,871 Thread 0x00007fe864001800 Uncommon trap: reason=class_check action=maybe_recompile pc=0x00007fe8992cbef0 method=java.lang.Throwable.<init>(Ljava/lang/Throwable;)V @ 24
Event: 17,048 Thread 0x00007fe864001800 Uncommon trap: reason=bimorphic action=maybe_recompile pc=0x00007fe8990d3418 method=java.util.regex.Pattern$5.isSatisfiedBy(I)Z @ 5
Event: 17,048 Thread 0x00007fe864001800 Uncommon trap: reason=bimorphic action=maybe_recompile pc=0x00007fe8990d3418 method=java.util.regex.Pattern$5.isSatisfiedBy(I)Z @ 5
Event: 17,048 Thread 0x00007fe864001800 Uncommon trap: reason=bimorphic action=maybe_recompile pc=0x00007fe8990d3418 method=java.util.regex.Pattern$5.isSatisfiedBy(I)Z @ 5
Event: 17,048 Thread 0x00007fe864001800 Uncommon trap: reason=bimorphic action=maybe_recompile pc=0x00007fe8990d3418 method=java.util.regex.Pattern$5.isSatisfiedBy(I)Z @ 5
Event: 17,908 Thread 0x00007fe864001800 Uncommon trap: reason=bimorphic action=maybe_recompile pc=0x00007fe8992a31f0 method=com.google.inject.internal.cglib.core.$CodeEmitter.process_switch([ILcom/google/inject/internal/cglib/core/$ProcessSwitchCallback;Z)V @ 164
Event: 27,956 Thread 0x00007fe864001800 Uncommon trap: reason=unreached action=reinterpret pc=0x00007fe89917d34c method=java.util.concurrent.locks.AbstractQueuedSynchronizer.release(I)Z @ 14

Internal exceptions (10 events):
Event: 38,069 Thread 0x00007fe860001000 Threw 0x00000007dd903ac0 at /HUDSON/workspace/7u-2-build-linux-amd64/jdk7u55/869/hotspot/src/share/vm/prims/jvm.cpp:1244
Event: 38,070 Thread 0x00007fe860001000 Threw 0x00000007dd90f8c8 at /HUDSON/workspace/7u-2-build-linux-amd64/jdk7u55/869/hotspot/src/share/vm/prims/jvm.cpp:1244
Event: 38,070 Thread 0x00007fe860001000 Threw 0x00000007dd9105c0 at /HUDSON/workspace/7u-2-build-linux-amd64/jdk7u55/869/hotspot/src/share/vm/prims/jvm.cpp:1244
Event: 38,070 Thread 0x00007fe860001000 Threw 0x00000007dd9110f0 at /HUDSON/workspace/7u-2-build-linux-amd64/jdk7u55/869/hotspot/src/share/vm/prims/jvm.cpp:1244
Event: 38,070 Thread 0x00007fe860001000 Threw 0x00000007dd917208 at /HUDSON/workspace/7u-2-build-linux-amd64/jdk7u55/869/hotspot/src/share/vm/prims/jvm.cpp:1244
Event: 38,070 Thread 0x00007fe860001000 Threw 0x00000007dd917ec0 at /HUDSON/workspace/7u-2-build-linux-amd64/jdk7u55/869/hotspot/src/share/vm/prims/jvm.cpp:1244
Event: 38,071 Thread 0x00007fe860001000 Threw 0x00000007dd91ee70 at /HUDSON/workspace/7u-2-build-linux-amd64/jdk7u55/869/hotspot/src/share/vm/prims/jvm.cpp:1244
Event: 38,071 Thread 0x00007fe860001000 Threw 0x00000007dd91fa30 at /HUDSON/workspace/7u-2-build-linux-amd64/jdk7u55/869/hotspot/src/share/vm/prims/jvm.cpp:1244
Event: 38,072 Thread 0x00007fe860001000 Threw 0x00000007dd922ed8 at /HUDSON/workspace/7u-2-build-linux-amd64/jdk7u55/869/hotspot/src/share/vm/prims/jvm.cpp:1244
Event: 38,072 Thread 0x00007fe860001000 Threw 0x00000007dd928a90 at /HUDSON/workspace/7u-2-build-linux-amd64/jdk7u55/869/hotspot/src/share/vm/prims/jvm.cpp:1244

Events (10 events):
Event: 38,071 loading class 0x00007fe89c97d390 done
Event: 38,072 loading class 0x00007fe8585f5250
Event: 38,072 loading class 0x00007fe8585f5250 done
Event: 38,072 Executing VM operation: RevokeBias
Event: 38,072 Executing VM operation: RevokeBias done
Event: 38,072 Executing VM operation: RevokeBias
Event: 38,072 Executing VM operation: RevokeBias done
Event: 38,072 loading class 0x00007fe85860f2a0
Event: 38,072 loading class 0x00007fe85860f2a0 done
Event: 38,080 Thread 0x00007fe89c08f800 flushing nmethod 0x00007fe89907b7d0


Dynamic libraries:
00400000-00401000 r-xp 00000000 08:01 11013473                           /usr/java/jdk1.7.0_55/bin/java
00600000-00601000 rw-p 00000000 08:01 11013473                           /usr/java/jdk1.7.0_55/bin/java
018a2000-018c3000 rw-p 00000000 00:00 0                                  [heap]
77e400000-781a00000 rw-p 00000000 00:00 0 
781a00000-783600000 rw-p 00000000 00:00 0 
783600000-788900000 rw-p 00000000 00:00 0 
788900000-7d6700000 rw-p 00000000 00:00 0 
7d6700000-7f2380000 rw-p 00000000 00:00 0 
7f2380000-800000000 rw-p 00000000 00:00 0 
7fe850000000-7fe850021000 rw-p 00000000 00:00 0 
7fe850021000-7fe854000000 ---p 00000000 00:00 0 
7fe858000000-7fe858d90000 rw-p 00000000 00:00 0 
7fe858d90000-7fe85c000000 ---p 00000000 00:00 0 
7fe85c000000-7fe85c021000 rw-p 00000000 00:00 0 
7fe85c021000-7fe860000000 ---p 00000000 00:00 0 
7fe860000000-7fe860021000 rw-p 00000000 00:00 0 
7fe860021000-7fe864000000 ---p 00000000 00:00 0 
7fe864000000-7fe864021000 rw-p 00000000 00:00 0 
7fe864021000-7fe868000000 ---p 00000000 00:00 0 
7fe868000000-7fe868b97000 rw-p 00000000 00:00 0 
7fe868b97000-7fe86c000000 ---p 00000000 00:00 0 
7fe86c000000-7fe86c021000 rw-p 00000000 00:00 0 
7fe86c021000-7fe870000000 ---p 00000000 00:00 0 
7fe870000000-7fe870021000 rw-p 00000000 00:00 0 
7fe870021000-7fe874000000 ---p 00000000 00:00 0 
7fe874000000-7fe8753c9000 rw-p 00000000 00:00 0 
7fe8753c9000-7fe878000000 ---p 00000000 00:00 0 
7fe878000000-7fe878021000 rw-p 00000000 00:00 0 
7fe878021000-7fe87c000000 ---p 00000000 00:00 0 
7fe87c000000-7fe87c021000 rw-p 00000000 00:00 0 
7fe87c021000-7fe880000000 ---p 00000000 00:00 0 
7fe880000000-7fe880021000 rw-p 00000000 00:00 0 
7fe880021000-7fe884000000 ---p 00000000 00:00 0 
7fe887f20000-7fe88c000000 rw-p 00000000 00:00 0 
7fe88c000000-7fe88c021000 rw-p 00000000 00:00 0 
7fe88c021000-7fe890000000 ---p 00000000 00:00 0 
7fe891214000-7fe891217000 ---p 00000000 00:00 0 
7fe891217000-7fe891315000 rw-p 00000000 00:00 0                          [stack:9319]
7fe891315000-7fe891318000 ---p 00000000 00:00 0 
7fe891318000-7fe891416000 rw-p 00000000 00:00 0                          [stack:9318]
7fe891416000-7fe891419000 ---p 00000000 00:00 0 
7fe891419000-7fe891517000 rw-p 00000000 00:00 0                          [stack:9317]
7fe891517000-7fe89151a000 ---p 00000000 00:00 0 
7fe89151a000-7fe891618000 rw-p 00000000 00:00 0                          [stack:9314]
7fe891618000-7fe89161b000 ---p 00000000 00:00 0 
7fe89161b000-7fe891719000 rw-p 00000000 00:00 0                          [stack:9262]
7fe891719000-7fe89171c000 ---p 00000000 00:00 0 
7fe89171c000-7fe89181a000 rw-p 00000000 00:00 0                          [stack:9261]
7fe89181a000-7fe89181d000 ---p 00000000 00:00 0 
7fe89181d000-7fe89191b000 rw-p 00000000 00:00 0                          [stack:9260]
7fe89191b000-7fe89191e000 ---p 00000000 00:00 0 
7fe89191e000-7fe891a1c000 rw-p 00000000 00:00 0                          [stack:9258]
7fe891a1c000-7fe891a33000 r-xp 00000000 08:01 6033386                    /lib/x86_64-linux-gnu/libresolv-2.19.so
7fe891a33000-7fe891c33000 ---p 00017000 08:01 6033386                    /lib/x86_64-linux-gnu/libresolv-2.19.so
7fe891c33000-7fe891c34000 r--p 00017000 08:01 6033386                    /lib/x86_64-linux-gnu/libresolv-2.19.so
7fe891c34000-7fe891c35000 rw-p 00018000 08:01 6033386                    /lib/x86_64-linux-gnu/libresolv-2.19.so
7fe891c35000-7fe891c37000 rw-p 00000000 00:00 0 
7fe891c37000-7fe891c3c000 r-xp 00000000 08:01 6033333                    /lib/x86_64-linux-gnu/libnss_dns-2.19.so
7fe891c3c000-7fe891e3b000 ---p 00005000 08:01 6033333                    /lib/x86_64-linux-gnu/libnss_dns-2.19.so
7fe891e3b000-7fe891e3c000 r--p 00004000 08:01 6033333                    /lib/x86_64-linux-gnu/libnss_dns-2.19.so
7fe891e3c000-7fe891e3d000 rw-p 00005000 08:01 6033333                    /lib/x86_64-linux-gnu/libnss_dns-2.19.so
7fe891e3d000-7fe891e3f000 r-xp 00000000 08:01 6033341                    /lib/x86_64-linux-gnu/libnss_mdns4_minimal.so.2
7fe891e3f000-7fe89203e000 ---p 00002000 08:01 6033341                    /lib/x86_64-linux-gnu/libnss_mdns4_minimal.so.2
7fe89203e000-7fe89203f000 r--p 00001000 08:01 6033341                    /lib/x86_64-linux-gnu/libnss_mdns4_minimal.so.2
7fe89203f000-7fe892040000 rw-p 00002000 08:01 6033341                    /lib/x86_64-linux-gnu/libnss_mdns4_minimal.so.2
7fe892062000-7fe892065000 ---p 00000000 00:00 0 
7fe892065000-7fe892163000 rw-p 00000000 00:00 0                          [stack:9257]
7fe892163000-7fe892179000 r-xp 00000000 08:01 6033287                    /lib/x86_64-linux-gnu/libgcc_s.so.1
7fe892179000-7fe892378000 ---p 00016000 08:01 6033287                    /lib/x86_64-linux-gnu/libgcc_s.so.1
7fe892378000-7fe892379000 rw-p 00015000 08:01 6033287                    /lib/x86_64-linux-gnu/libgcc_s.so.1
7fe892380000-7fe892381000 rw-p 00000000 00:00 0 
7fe892381000-7fe89238c000 r--s 0037c000 08:01 11013529                   /usr/java/jdk1.7.0_55/jre/lib/charsets.jar
7fe89238c000-7fe892397000 r--s 0037c000 08:01 11013529                   /usr/java/jdk1.7.0_55/jre/lib/charsets.jar
7fe892397000-7fe89239b000 r--s 0002d000 08:01 11141226                   /usr/java/jdk1.7.0_55/jre/lib/ext/sunjce_provider.jar
7fe89239b000-7fe8923cd000 r-xp 00000000 08:01 11141262                   /usr/java/jdk1.7.0_55/jre/lib/amd64/libsunec.so
7fe8923cd000-7fe8925cc000 ---p 00032000 08:01 11141262                   /usr/java/jdk1.7.0_55/jre/lib/amd64/libsunec.so
7fe8925cc000-7fe8925d2000 rw-p 00031000 08:01 11141262                   /usr/java/jdk1.7.0_55/jre/lib/amd64/libsunec.so
7fe8925d2000-7fe8925e2000 rw-p 00000000 00:00 0 
7fe8925e2000-7fe8925e3000 r--s 00003000 08:01 11141224                   /usr/java/jdk1.7.0_55/jre/lib/ext/sunec.jar
7fe8925e3000-7fe8925e6000 r--s 00037000 08:01 11141229                   /usr/java/jdk1.7.0_55/jre/lib/ext/sunpkcs11.jar
7fe8925e6000-7fe8925e8000 r--s 00019000 08:01 11014070                   /usr/java/jdk1.7.0_55/jre/lib/jce.jar
7fe8925e8000-7fe8925eb000 ---p 00000000 00:00 0 
7fe8925eb000-7fe8926e9000 rw-p 00000000 00:00 0                          [stack:9255]
7fe8926e9000-7fe8926ec000 ---p 00000000 00:00 0 
7fe8926ec000-7fe8927ea000 rw-p 00000000 00:00 0                          [stack:9254]
7fe8927ea000-7fe8927ed000 ---p 00000000 00:00 0 
7fe8927ed000-7fe8928eb000 rw-p 00000000 00:00 0                          [stack:9252]
7fe8928eb000-7fe892956000 r--s 00e1f000 08:01 11013081                   /usr/java/jdk1.7.0_55/lib/tools.jar
7fe892956000-7fe892959000 ---p 00000000 00:00 0 
7fe892959000-7fe892a57000 rw-p 00000000 00:00 0                          [stack:9250]
7fe892a57000-7fe892a59000 r--s 00006000 08:01 13238985                   /home/dimad/.m2/repository/org/slf4j/slf4j-api/1.7.6/slf4j-api-1.7.6.jar
7fe892a59000-7fe892a66000 r--s 00183000 08:01 13507087                   /home/dimad/.m2/repository/com/h2database/h2/1.3.175/h2-1.3.175.jar
7fe892a66000-7fe892a68000 r--s 00015000 08:01 13238451                   /home/dimad/.m2/repository/com/uwyn/jhighlight/1.0/jhighlight-1.0.jar
7fe892a68000-7fe892a6b000 r--s 00033000 08:01 13238450                   /home/dimad/.m2/repository/com/googlecode/juniversalchardet/juniversalchardet/1.0.3/juniversalchardet-1.0.3.jar
7fe892a6b000-7fe892a6d000 r--s 0000a000 08:01 13113689                   /home/dimad/.m2/repository/org/gagravarr/vorbis-java-core/0.1/vorbis-java-core-0.1.jar
7fe892a6d000-7fe892a70000 r--s 00023000 08:01 13238447                   /home/dimad/.m2/repository/jdom/jdom/1.0/jdom-1.0.jar
7fe892a70000-7fe892a74000 r--s 0002f000 08:01 13238445                   /home/dimad/.m2/repository/rome/rome/0.9/rome-0.9.jar
7fe892a74000-7fe892a77000 r--s 00014000 08:01 13500425                   /home/dimad/.m2/repository/de/l3s/boilerpipe/boilerpipe/1.1.0/boilerpipe-1.1.0.jar
7fe892a77000-7fe892a7f000 r--s 00028000 08:01 13238443                   /home/dimad/.m2/repository/xml-apis/xml-apis/1.3.03/xml-apis-1.3.03.jar
7fe892a7f000-7fe892a96000 r--s 00112000 08:01 13238441                   /home/dimad/.m2/repository/xerces/xercesImpl/2.8.1/xercesImpl-2.8.1.jar
7fe892a96000-7fe892a98000 r--s 0001b000 08:01 13238440                   /home/dimad/.m2/repository/com/adobe/xmp/xmpcore/5.1.2/xmpcore-5.1.2.jar
7fe892a98000-7fe892a9c000 r--s 00030000 08:01 13238439                   /home/dimad/.m2/repository/com/drewnoakes/metadata-extractor/2.6.2/metadata-extractor-2.6.2.jar
7fe892a9c000-7fe892aa0000 r--s 00019000 08:01 13238437                   /home/dimad/.m2/repository/org/aspectj/aspectjrt/1.6.11/aspectjrt-1.6.11.jar
7fe892aa0000-7fe892aa9000 r--s 00077000 08:01 13238435                   /home/dimad/.m2/repository/com/googlecode/mp4parser/isoparser/1.0-RC-1/isoparser-1.0-RC-1.jar
7fe892aa9000-7fe892aae000 r--s 0004f000 08:01 13893885                   /home/dimad/.m2/repository/org/ow2/asm/asm-debug-all/4.1/asm-debug-all-4.1.jar
7fe892aae000-7fe892ab0000 r--s 00015000 08:01 13238433                   /home/dimad/.m2/repository/org/ccil/cowan/tagsoup/tagsoup/1.2.1/tagsoup-1.2.1.jar
7fe892ab0000-7fe892ab2000 r--s 00006000 08:01 13238431                   /home/dimad/.m2/repository/org/apache/geronimo/specs/geronimo-stax-api_1.0_spec/1.0.1/geronimo-stax-api_1.0_spec-1.0.1.jar
7fe892ab2000-7fe892ab7000 r--s 00048000 08:01 11927978                   /home/dimad/.m2/repository/dom4j/dom4j/1.6.1/dom4j-1.6.1.jar
7fe892ab7000-7fe892af4000 r--s 0024f000 08:01 13238429                   /home/dimad/.m2/repository/org/apache/xmlbeans/xmlbeans/2.3.0/xmlbeans-2.3.0.jar
7fe892af4000-7fe892b88000 r--s 0041e000 08:01 13238427                   /home/dimad/.m2/repository/org/apache/poi/poi-ooxml-schemas/3.10-beta2/poi-ooxml-schemas-3.10-beta2.jar
7fe892b88000-7fe892b95000 r--s 000e8000 08:01 13238425                   /home/dimad/.m2/repository/org/apache/poi/poi-ooxml/3.10-beta2/poi-ooxml-3.10-beta2.jar
7fe892b95000-7fe892ba6000 r--s 00120000 08:01 13238423                   /home/dimad/.m2/repository/org/apache/poi/poi-scratchpad/3.10-beta2/poi-scratchpad-3.10-beta2.jar
7fe892ba6000-7fe892bc7000 r--s 001b6000 08:01 13238421                   /home/dimad/.m2/repository/org/apache/poi/poi/3.10-beta2/poi-3.10-beta2.jar
7fe892bc7000-7fe892bec000 r--s 00172000 08:01 13238419                   /home/dimad/.m2/repository/org/bouncycastle/bcprov-jdk15/1.45/bcprov-jdk15-1.45.jar
7fe892bec000-7fe892bf1000 r--s 00033000 08:01 13238418                   /home/dimad/.m2/repository/org/bouncycastle/bcmail-jdk15/1.45/bcmail-jdk15-1.45.jar
7fe892bf1000-7fe892bf3000 r--s 0000b000 08:01 13238416                   /home/dimad/.m2/repository/org/apache/pdfbox/jempbox/1.8.4/jempbox-1.8.4.jar
7fe892bf3000-7fe892bf7000 r--s 0002f000 08:01 13238415                   /home/dimad/.m2/repository/org/apache/pdfbox/fontbox/1.8.4/fontbox-1.8.4.jar
7fe892bf7000-7fe892c0d000 r--s 003ba000 08:01 13113684                   /home/dimad/.m2/repository/org/apache/pdfbox/pdfbox/1.8.4/pdfbox-1.8.4.jar
7fe892c0d000-7fe892c11000 r--s 00014000 08:01 13238955                   /home/dimad/.m2/repository/org/tukaani/xz/1.2/xz-1.2.jar
7fe892c11000-7fe892c16000 r--s 0003a000 08:01 13238954                   /home/dimad/.m2/repository/org/apache/commons/commons-compress/1.5/commons-compress-1.5.jar
7fe892c16000-7fe892c1d000 r--s 00044000 08:01 13113682                   /home/dimad/.m2/repository/org/apache/james/apache-mime4j-dom/0.7.2/apache-mime4j-dom-0.7.2.jar
7fe892c1d000-7fe892c20000 r--s 00015000 08:01 13113675                   /home/dimad/.m2/repository/org/apache/james/apache-mime4j-core/0.7.2/apache-mime4j-core-0.7.2.jar
7fe892c20000-7fe892c51000 r--s 003f0000 08:01 13113673                   /home/dimad/.m2/repository/edu/ucar/netcdf/4.2-min/netcdf-4.2-min.jar
7fe892c51000-7fe892c53000 r--s 00006000 08:01 13113672                   /home/dimad/.m2/repository/org/gagravarr/vorbis-java-core/0.1/vorbis-java-core-0.1-tests.jar
7fe892c53000-7fe892c54000 r--s 00003000 08:01 13113670                   /home/dimad/.m2/repository/org/gagravarr/vorbis-java-tika/0.1/vorbis-java-tika-0.1.jar
7fe892c54000-7fe892c5d000 r--s 00077000 08:01 13113671                   /home/dimad/.m2/repository/org/apache/tika/tika-parsers/1.5/tika-parsers-1.5.jar
7fe892c5d000-7fe892c64000 r--s 00072000 08:01 11275150                   /home/dimad/.m2/repository/org/apache/tika/tika-core/1.5/tika-core-1.5.jar
7fe892c64000-7fe892c66000 r--s 00010000 08:01 13507027                   /home/dimad/.m2/repository/org/mybatis/mybatis-guice/3.6/mybatis-guice-3.6.jar
7fe892c66000-7fe892c73000 r--s 000a1000 08:01 13507026                   /home/dimad/.m2/repository/org/mybatis/mybatis/3.2.6/mybatis-3.2.6.jar
7fe892c73000-7fe892c9e000 r--s 001f5000 08:01 12853217                   /home/dimad/.m2/repository/com/google/guava/guava/16.0.1/guava-16.0.1.jar
7fe892c9e000-7fe892ca2000 r--s 0001e000 08:01 13507084                   /home/dimad/.m2/repository/org/jboss/resteasy/resteasy-client/3.0.7.Final/resteasy-client-3.0.7.Final.jar
7fe892ca2000-7fe892ca9000 r--s 0004e000 08:01 11545863                   /home/dimad/.m2/repository/org/apache/james/apache-mime4j/0.6/apache-mime4j-0.6.jar
7fe892ca9000-7fe892cb0000 r--s 00078000 08:01 13507082                   /home/dimad/.m2/repository/javax/mail/mail/1.5.0-b01/mail-1.5.0-b01.jar
7fe892cb0000-7fe892cb3000 r--s 0000f000 08:01 13507080                   /home/dimad/.m2/repository/org/jboss/resteasy/resteasy-multipart-provider/3.0.7.Final/resteasy-multipart-provider-3.0.7.Final.jar
7fe892cb3000-7fe892cb4000 r--s 00006000 08:01 13507078                   /home/dimad/.m2/repository/com/fasterxml/jackson/jaxrs/jackson-jaxrs-base/2.3.2/jackson-jaxrs-base-2.3.2.jar
7fe892cb4000-7fe892cb6000 r--s 00003000 08:01 13507076                   /home/dimad/.m2/repository/com/fasterxml/jackson/jaxrs/jackson-jaxrs-json-provider/2.3.2/jackson-jaxrs-json-provider-2.3.2.jar
7fe892cb6000-7fe892cb7000 r--s 00002000 08:01 13507074                   /home/dimad/.m2/repository/org/jboss/resteasy/resteasy-jackson2-provider/3.0.7.Final/resteasy-jackson2-provider-3.0.7.Final.jar
7fe892cb7000-7fe892cb9000 r--s 0000b000 08:01 12719159                   /home/dimad/.m2/repository/javax/xml/bind/jsr173_api/1.0/jsr173_api-1.0.jar
7fe892cb9000-7fe892cbe000 r--s 00043000 08:01 13113712                   /home/dimad/.m2/repository/com/sun/xml/fastinfoset/FastInfoset/1.2.12/FastInfoset-1.2.12.jar
7fe892cbe000-7fe892cbf000 r--s 00005000 08:01 12455453                   /home/dimad/.m2/repository/com/sun/istack/istack-commons-runtime/2.16/istack-commons-runtime-2.16.jar
7fe892cbf000-7fe892cc3000 r--s 00015000 08:01 13507071                   /home/dimad/.m2/repository/javax/xml/bind/jaxb-api/2.2.7/jaxb-api-2.2.7.jar
7fe892cc3000-7fe892cc9000 r--s 00031000 08:01 13507070                   /home/dimad/.m2/repository/com/sun/xml/bind/jaxb-core/2.2.7/jaxb-core-2.2.7.jar
7fe892cc9000-7fe892cda000 r--s 000d0000 08:01 13507068                   /home/dimad/.m2/repository/com/sun/xml/bind/jaxb-impl/2.2.7/jaxb-impl-2.2.7.jar
7fe892cda000-7fe892cdd000 r--s 0000e000 08:01 13507066                   /home/dimad/.m2/repository/org/jboss/resteasy/resteasy-jaxb-provider/3.0.7.Final/resteasy-jaxb-provider-3.0.7.Final.jar
7fe892cdd000-7fe892cde000 r--s 00000000 08:01 13507064                   /home/dimad/.m2/repository/net/jcip/jcip-annotations/1.0/jcip-annotations-1.0.jar
7fe892cde000-7fe892ce1000 r--s 00025000 08:01 13507062                   /home/dimad/.m2/repository/commons-io/commons-io/2.1/commons-io-2.1.jar
7fe892ce1000-7fe892ce3000 r--s 0000e000 08:01 11798041                   /home/dimad/.m2/repository/javax/activation/activation/1.1/activation-1.1.jar
7fe892ce3000-7fe892ce4000 r--s 00004000 08:01 13507060                   /home/dimad/.m2/repository/org/jboss/spec/javax/annotation/jboss-annotations-api_1.1_spec/1.0.1.Final/jboss-annotations-api_1.1_spec-1.0.1.Final.jar
7fe892ce4000-7fe892cf4000 r--s 000b9000 08:01 13507058                   /home/dimad/.m2/repository/org/jboss/resteasy/resteasy-jaxrs/3.0.7.Final/resteasy-jaxrs-3.0.7.Final.jar
7fe892cf4000-7fe892cf8000 r--s 00017000 08:01 13507059                   /home/dimad/.m2/repository/org/jboss/resteasy/jaxrs-api/3.0.7.Final/jaxrs-api-3.0.7.Final.jar
7fe892cf8000-7fe892cf9000 r--s 00006000 08:01 13507056                   /home/dimad/.m2/repository/org/jboss/resteasy/resteasy-jsapi/3.0.7.Final/resteasy-jsapi-3.0.7.Final.jar
7fe892cf9000-7fe892cfa000 r--s 00001000 08:01 13238942                   /home/dimad/.m2/repository/javax/annotation/jsr250-api/1.0/jsr250-api-1.0.jar
7fe892cfa000-7fe892cfc000 r--s 00000000 08:01 11927969                   /home/dimad/.m2/repository/aopalliance/aopalliance/1.0/aopalliance-1.0.jar
7fe892cfc000-7fe892cfd000 r--s 00000000 08:01 12715758                   /home/dimad/.m2/repository/javax/inject/javax.inject/1/javax.inject-1.jar
7fe892cfd000-7fe892d0c000 r--s 0009f000 08:01 11800612                   /home/dimad/.m2/repository/com/google/inject/guice/3.0/guice-3.0.jar
7fe892d0c000-7fe892d0d000 r--s 00003000 08:01 13507053                   /home/dimad/.m2/repository/org/jboss/resteasy/resteasy-guice/3.0.7.Final/resteasy-guice-3.0.7.Final.jar
7fe892d0d000-7fe892d12000 r--s 00032000 08:01 13507051                   /home/dimad/.m2/repository/net/htmlparser/jericho/jericho-html/3.3/jericho-html-3.3.jar
7fe892d12000-7fe892d1b000 r--s 0007a000 08:01 13507050                   /home/dimad/.m2/repository/com/github/httl/httl/1.0.11/httl-1.0.11.jar
7fe892d1b000-7fe892d21000 r--s 0003f000 08:01 11668874                   /home/dimad/.m2/repository/org/apache/httpcomponents/httpcore/4.3.2/httpcore-4.3.2.jar
7fe892d21000-7fe892d2c000 r--s 00085000 08:01 11668873                   /home/dimad/.m2/repository/org/apache/httpcomponents/httpclient/4.3.3/httpclient-4.3.3.jar
7fe892d2c000-7fe892d2f000 r--s 0001a000 08:01 12061525                   /home/dimad/.m2/repository/com/fasterxml/jackson/module/jackson-module-afterburner/2.3.2/jackson-module-afterburner-2.3.2.jar
7fe892d2f000-7fe892d31000 r--s 00004000 08:01 12715240                   /home/dimad/.m2/repository/javax/xml/stream/stax-api/1.0-2/stax-api-1.0-2.jar
7fe892d31000-7fe892d35000 r--s 00029000 08:01 12324793                   /home/dimad/.m2/repository/org/codehaus/woodstox/stax2-api/3.1.1/stax2-api-3.1.1.jar
7fe892d35000-7fe892d36000 r--s 00007000 08:01 12193120                   /home/dimad/.m2/repository/com/fasterxml/jackson/module/jackson-module-jaxb-annotations/2.3.2/jackson-module-jaxb-annotations-2.3.2.jar
7fe892d36000-7fe892d47000 r--s 000cf000 08:01 12061524                   /home/dimad/.m2/repository/com/fasterxml/jackson/core/jackson-databind/2.3.2/jackson-databind-2.3.2.jar
7fe892d47000-7fe892d49000 r--s 00007000 08:01 12193117                   /home/dimad/.m2/repository/com/fasterxml/jackson/core/jackson-annotations/2.3.0/jackson-annotations-2.3.0.jar
7fe892d49000-7fe892d4c000 r--s 00013000 08:01 12193118                   /home/dimad/.m2/repository/com/fasterxml/jackson/dataformat/jackson-dataformat-xml/2.3.2/jackson-dataformat-xml-2.3.2.jar
7fe892d4c000-7fe892d4f000 r--s 0002e000 08:01 12061523                   /home/dimad/.m2/repository/com/fasterxml/jackson/core/jackson-core/2.3.2/jackson-core-2.3.2.jar
7fe892d4f000-7fe892d5d000 r--s 0007f000 08:01 11798045                   /home/dimad/.m2/repository/commons-collections/commons-collections/3.2.1/commons-collections-3.2.1.jar
7fe892d5d000-7fe892d5f000 r--s 0000e000 08:01 12853215                   /home/dimad/.m2/repository/com/google/inject/extensions/guice-servlet/3.0/guice-servlet-3.0.jar
7fe892d5f000-7fe892d60000 r--s 00006000 08:01 12455451                   /home/dimad/.m2/repository/com/google/inject/extensions/guice-persist/3.0/guice-persist-3.0.jar
7fe892d60000-7fe892d67000 r--s 00065000 08:01 12324791                   /home/dimad/.m2/repository/net/spy/spymemcached/2.10.4/spymemcached-2.10.4.jar
7fe892d67000-7fe892e07000 r--s 005ff000 08:01 12324790                   /home/dimad/.m2/repository/net/sf/ehcache/ehcache/2.8.0/ehcache-2.8.0.jar
7fe892e07000-7fe892e0a000 r--s 00009000 08:01 11927983                   /home/dimad/.m2/repository/javax/validation/validation-api/1.0.0.GA/validation-api-1.0.0.GA.jar
7fe892e0a000-7fe892e15000 r--s 0006a000 08:01 11930125                   /home/dimad/.m2/repository/org/hibernate/hibernate-validator/4.3.1.Final/hibernate-validator-4.3.1.Final.jar
7fe892e15000-7fe892e17000 r--s 0000f000 08:01 11545861                   /home/dimad/.m2/repository/commons-fileupload/commons-fileupload/1.3/commons-fileupload-1.3.jar
7fe892e17000-7fe892e19000 r--s 0000b000 08:01 13507045                   /home/dimad/.m2/repository/org/apache/commons/commons-email/1.3.2/commons-email-1.3.2.jar
7fe892e19000-7fe892e1a000 r--s 00004000 08:01 13507043                   /home/dimad/.m2/repository/org/mindrot/jbcrypt/0.3m/jbcrypt-0.3m.jar
7fe892e1a000-7fe892e2c000 r--s 000e8000 08:01 13507041                   /home/dimad/.m2/repository/org/freemarker/freemarker-gae/2.3.20/freemarker-gae-2.3.20.jar
7fe892e2c000-7fe892e3b000 r--s 0007f000 08:01 11275189                   /home/dimad/.m2/repository/joda-time/joda-time/2.3/joda-time-2.3.jar
7fe892e3b000-7fe892e41000 r--s 00042000 08:01 13507038                   /home/dimad/.m2/repository/org/jsoup/jsoup/1.7.2/jsoup-1.7.2.jar
7fe892e41000-7fe892e49000 r--s 0005a000 08:01 13500489                   /home/dimad/.m2/repository/org/ninjaframework/ninja-core/3.1.4/ninja-core-3.1.4.jar
7fe892e49000-7fe892e4a000 r--s 00006000 08:01 13500490                   /home/dimad/.m2/repository/org/ninjaframework/ninja-servlet/3.1.4/ninja-servlet-3.1.4.jar
7fe892e4a000-7fe892e50000 r--s 0003d000 08:01 13507033                   /home/dimad/.m2/repository/org/yaml/snakeyaml/1.13/snakeyaml-1.13.jar
7fe892e50000-7fe892e64000 r--s 00121000 08:01 13507032                   /home/dimad/.m2/repository/org/liquibase/liquibase-core/3.1.1/liquibase-core-3.1.1.jar
7fe892e64000-7fe892e67000 r--s 00035000 08:01 11668871                   /home/dimad/.m2/repository/ognl/ognl/3.0.8/ognl-3.0.8.jar
7fe892e67000-7fe892e6c000 r--s 00034000 08:01 11929583                   /home/dimad/.m2/repository/commons-beanutils/commons-beanutils/1.9.1/commons-beanutils-1.9.1.jar
7fe892e6c000-7fe892e6f000 r--s 0000b000 08:01 13507030                   /home/dimad/.m2/repository/javax/persistence/persistence-api/1.0.2/persistence-api-1.0.2.jar
7fe892e6f000-7fe892e79000 r--s 0005f000 08:01 11545859                   /home/dimad/.m2/repository/ch/qos/logback/logback-core/1.1.1/logback-core-1.1.1.jar
7fe892e79000-7fe892e7f000 r--s 0003d000 08:01 11542129                   /home/dimad/.m2/repository/ch/qos/logback/logback-classic/1.1.1/logback-classic-1.1.1.jar
7fe892e7f000-7fe892e81000 r--s 00007000 08:01 12853213                   /home/dimad/.m2/repository/com/google/inject/extensions/guice-multibindings/3.0/guice-multibindings-3.0.jar
7fe892e81000-7fe892e8b000 r--s 000a5000 08:01 11930121                   /home/dimad/.m2/repository/org/javassist/javassist/3.18.1-GA/javassist-3.18.1-GA.jar
7fe892e8b000-7fe892e8d000 r--s 00004000 08:01 11930119                   /home/dimad/.m2/repository/org/slf4j/log4j-over-slf4j/1.7.6/log4j-over-slf4j-1.7.6.jar
7fe892e8d000-7fe892e8f000 r--s 00003000 08:01 11930118                   /home/dimad/.m2/repository/org/slf4j/jcl-over-slf4j/1.7.6/jcl-over-slf4j-1.7.6.jar
7fe892e8f000-7fe892e91000 r--s 0000d000 08:01 11798034                   /home/dimad/.m2/repository/commons-logging/commons-logging/1.1.1/commons-logging-1.1.1.jar
7fe892e91000-7fe892e98000 r--s 00052000 08:01 11275186                   /home/dimad/.m2/repository/commons-configuration/commons-configuration/1.10/commons-configuration-1.10.jar
7fe892e98000-7fe892e9f000 r--s 0005e000 08:01 12587306                   /home/dimad/.m2/repository/org/apache/commons/commons-lang3/3.3/commons-lang3-3.3.jar
7fe892e9f000-7fe892eaa000 r--s 000fa000 08:01 11800610                   /home/dimad/.m2/repository/com/lowagie/itext/2.1.3/itext-2.1.3.jar
7fe892eaa000-7fe892ebc000 r--s 00122000 08:01 11930117                   /home/dimad/.m2/repository/net/sf/ujac/ujac/1.0.0/ujac-1.0.0.jar
7fe892ebc000-7fe892ec1000 r--s 00040000 08:01 13507023                   /home/dimad/.m2/repository/org/beanshell/bsh/2.0b4/bsh-2.0b4.jar
7fe892ec1000-7fe892ec3000 r--s 0000b000 08:01 13507112                   /home/dimad/.m2/repository/softmotions/softmotions-utils/1.0-SNAPSHOT/softmotions-utils-1.0-SNAPSHOT.jar
7fe892ec3000-7fe892ec5000 r--s 00008000 08:01 13507111                   /home/dimad/.m2/repository/softmotions/softmotions-web/1.0-SNAPSHOT/softmotions-web-1.0-SNAPSHOT.jar
7fe892ec5000-7fe892ec7000 r--s 00006000 08:01 13507110                   /home/dimad/.m2/repository/softmotions/softmotions-weboot/1.0-SNAPSHOT/softmotions-weboot-1.0-SNAPSHOT.jar
7fe892ec7000-7fe892ecc000 r--s 0006f000 08:01 13507240                   /home/dimad/.m2/repository/softmotions-ncms/ncms-engine-qx/1.0-SNAPSHOT/ncms-engine-qx-1.0-SNAPSHOT-prerelease.jar
7fe892ecc000-7fe892ecf000 ---p 00000000 00:00 0 
7fe892ecf000-7fe892fcd000 rw-p 00000000 00:00 0                          [stack:9316]
7fe892fcd000-7fe892fd0000 ---p 00000000 00:00 0 
7fe892fd0000-7fe8930ce000 rw-p 00000000 00:00 0                          [stack:9315]
7fe8930ce000-7fe8930d2000 r--s 000f7000 08:01 11141223                   /usr/java/jdk1.7.0_55/jre/lib/ext/localedata.jar
7fe8930d2000-7fe8930da000 r-xp 00000000 08:01 11141255                   /usr/java/jdk1.7.0_55/jre/lib/amd64/libmanagement.so
7fe8930da000-7fe8932d9000 ---p 00008000 08:01 11141255                   /usr/java/jdk1.7.0_55/jre/lib/amd64/libmanagement.so
7fe8932d9000-7fe8932da000 rw-p 00007000 08:01 11141255                   /usr/java/jdk1.7.0_55/jre/lib/amd64/libmanagement.so
7fe8932da000-7fe8932e3000 r--s 00251000 08:01 11014072                   /usr/java/jdk1.7.0_55/jre/lib/resources.jar
7fe8932e3000-7fe8932e5000 r--s 00003000 08:01 11930131                   /home/dimad/.m2/repository/org/slf4j/jcl-over-slf4j/1.7.5/jcl-over-slf4j-1.7.5.jar
7fe8932e5000-7fe8932e7000 r--s 00002000 08:01 11929712                   /home/dimad/.m2/repository/org/sonatype/plexus/plexus-cipher/1.4/plexus-cipher-1.4.jar
7fe8932e7000-7fe8932e8000 r--s 00006000 08:01 11929715                   /home/dimad/.m2/repository/org/sonatype/plexus/plexus-sec-dispatcher/1.3/plexus-sec-dispatcher-1.3.jar
7fe8932e8000-7fe8932e9000 r--s 00002000 08:01 12853223                   /home/dimad/.m2/repository/org/apache/maven/doxia/doxia-logging-api/1.1/doxia-logging-api-1.1.jar
7fe8932e9000-7fe8932eb000 r--s 00002000 08:01 12853221                   /home/dimad/.m2/repository/org/apache/maven/doxia/doxia-sink-api/1.1/doxia-sink-api-1.1.jar
7fe8932eb000-7fe8932ec000 r--s 00002000 08:01 12853219                   /home/dimad/.m2/repository/org/apache/maven/reporting/maven-reporting-api/2.2.1/maven-reporting-api-2.2.1.jar
7fe8932ec000-7fe8932ee000 r--s 00009000 08:01 11798142                   /home/dimad/.m2/repository/org/apache/maven/shared/maven-filtering/1.0/maven-filtering-1.0.jar
7fe8932ee000-7fe8932f2000 r--s 00037000 08:01 12847366                   /home/dimad/.m2/repository/org/codehaus/plexus/plexus-utils/3.0.15/plexus-utils-3.0.15.jar
7fe8932f2000-7fe8932f5000 r--s 0000c000 08:01 13507674                   /home/dimad/.m2/repository/org/codehaus/plexus/plexus-io/2.0.3/plexus-io-2.0.3.jar
7fe8932f5000-7fe8932f7000 r--s 00011000 08:01 12716012                   /home/dimad/.m2/repository/org/hamcrest/hamcrest-core/1.1/hamcrest-core-1.1.jar
7fe8932f7000-7fe8932fe000 r--s 00037000 08:01 12716011                   /home/dimad/.m2/repository/junit/junit/4.10/junit-4.10.jar
7fe8932fe000-7fe893303000 r--s 00029000 08:01 13507673                   /home/dimad/.m2/repository/org/codehaus/plexus/plexus-archiver/2.1.1/plexus-archiver-2.1.1.jar
7fe893303000-7fe893307000 r--s 00014000 08:01 13507670                   /home/dimad/.m2/repository/org/tukaani/xz/1.0/xz-1.0.jar
7fe893307000-7fe89330c000 r--s 00036000 08:01 13507668                   /home/dimad/.m2/repository/org/apache/commons/commons-compress/1.4.1/commons-compress-1.4.1.jar
7fe89330c000-7fe893311000 r--s 00041000 08:01 11798043                   /home/dimad/.m2/repository/commons-lang/commons-lang/2.6/commons-lang-2.6.jar
7fe893311000-7fe893315000 r--s 00027000 08:01 11929722                   /home/dimad/.m2/repository/commons-io/commons-io/2.2/commons-io-2.2.jar
7fe893315000-7fe893316000 r--s 00004000 08:01 11928261                   /home/dimad/.m2/repository/org/apache/maven/maven-archiver/2.4.2/maven-archiver-2.4.2.jar
7fe893316000-7fe893318000 r--s 00009000 08:01 11929574                   /home/dimad/.m2/repository/commons-cli/commons-cli/1.2/commons-cli-1.2.jar
7fe893318000-7fe89331a000 r--s 00005000 08:01 13507684                   /home/dimad/.m2/repository/org/apache/tomcat/maven/tomcat7-war-runner/2.3-SNAPSHOT/tomcat7-war-runner-2.3-SNAPSHOT.jar
7fe89331a000-7fe893320000 r--s 00033000 08:01 12847365                   /home/dimad/.m2/repository/commons-codec/commons-codec/1.6/commons-codec-1.6.jar
7fe893320000-7fe893322000 r--s 0000e000 08:01 11799082                   /home/dimad/.m2/repository/commons-logging/commons-logging/1.1.3/commons-logging-1.1.3.jar
7fe893322000-7fe893328000 r--s 0003f000 08:01 13507666                   /home/dimad/.m2/repository/org/apache/httpcomponents/httpcore/4.3/httpcore-4.3.jar
7fe893328000-7fe893333000 r--s 00084000 08:01 11668881                   /home/dimad/.m2/repository/org/apache/httpcomponents/httpclient/4.3.1/httpclient-4.3.1.jar
7fe893333000-7fe893336000 r--s 00006000 08:01 12715670                   /home/dimad/.m2/repository/com/google/code/findbugs/jsr305/1.3.9/jsr305-1.3.9.jar
7fe893336000-7fe893354000 r--s 00151000 08:01 12853180                   /home/dimad/.m2/repository/com/google/guava/guava/10.0.1/guava-10.0.1.jar
7fe893354000-7fe89335c000 r--s 00049000 08:01 11929720                   /home/dimad/.m2/repository/backport-util-concurrent/backport-util-concurrent/3.1/backport-util-concurrent-3.1.jar
7fe89335c000-7fe89335e000 r--s 00008000 08:01 13507683                   /home/dimad/.m2/repository/org/apache/tomcat/maven/common-tomcat-maven-plugin/2.3-SNAPSHOT/common-tomcat-maven-plugin-2.3-SNAPSHOT.jar
7fe89335e000-7fe89336d000 r--s 001a9000 08:01 13507664                   /home/dimad/.m2/repository/org/eclipse/jdt/core/compiler/ecj/4.2.2/ecj-4.2.2.jar
7fe89336d000-7fe89336f000 r--s 00005000 08:01 12587308                   /home/dimad/.m2/repository/org/slf4j/slf4j-api/1.7.5/slf4j-api-1.7.5.jar
7fe89336f000-7fe893371000 r--s 00013000 08:01 13507661                   /home/dimad/.m2/repository/org/apache/tomcat/embed/tomcat-embed-logging-log4j/7.0.52/tomcat-embed-logging-log4j-7.0.52.jar
7fe893371000-7fe893373000 r--s 00008000 08:01 13507659                   /home/dimad/.m2/repository/org/apache/tomcat/embed/tomcat-embed-logging-juli/7.0.52/tomcat-embed-logging-juli-7.0.52.jar
7fe893373000-7fe893375000 r--s 00008000 08:01 13507092                   /home/dimad/.m2/repository/org/apache/tomcat/tomcat-juli/7.0.52/tomcat-juli-7.0.52.jar
7fe893375000-7fe893377000 r--s 00003000 08:01 13507094                   /home/dimad/.m2/repository/org/apache/tomcat/tomcat-annotations-api/7.0.52/tomcat-annotations-api-7.0.52.jar
7fe893377000-7fe893379000 r--s 0001f000 08:01 13507657                   /home/dimad/.m2/repository/org/apache/tomcat/tomcat-catalina-ha/7.0.52/tomcat-catalina-ha-7.0.52.jar
7fe893379000-7fe89337d000 r--s 0003b000 08:01 13507656                   /home/dimad/.m2/repository/org/apache/tomcat/tomcat-tribes/7.0.52/tomcat-tribes-7.0.52.jar
7fe89337d000-7fe89338f000 r--s 00173000 08:01 13507089                   /home/dimad/.m2/repository/org/apache/tomcat/tomcat-catalina/7.0.52/tomcat-catalina-7.0.52.jar
7fe89338f000-7fe893391000 r--s 0000a000 08:01 13507653                   /home/dimad/.m2/repository/org/apache/tomcat/tomcat-el-api/7.0.52/tomcat-el-api-7.0.52.jar
7fe893391000-7fe893394000 r--s 0001c000 08:01 13507651                   /home/dimad/.m2/repository/org/apache/tomcat/tomcat-jasper-el/7.0.52/tomcat-jasper-el-7.0.52.jar
7fe893394000-7fe89339c000 r--s 0008c000 08:01 13507649                   /home/dimad/.m2/repository/org/apache/tomcat/tomcat-jasper/7.0.52/tomcat-jasper-7.0.52.jar
7fe89339c000-7fe89339f000 r--s 00013000 08:01 13507646                   /home/dimad/.m2/repository/org/apache/tomcat/tomcat-jsp-api/7.0.52/tomcat-jsp-api-7.0.52.jar
7fe89339f000-7fe8933a2000 r--s 0002e000 08:01 13507090                   /home/dimad/.m2/repository/org/apache/tomcat/tomcat-servlet-api/7.0.52/tomcat-servlet-api-7.0.52.jar
7fe8933a2000-7fe8933c4000 r--s 00267000 08:01 13507643                   /home/dimad/.m2/repository/org/apache/tomcat/embed/tomcat-embed-core/7.0.52/tomcat-embed-core-7.0.52.jar
7fe8933c4000-7fe8933da000 r-xp 00000000 08:01 11141253                   /usr/java/jdk1.7.0_55/jre/lib/amd64/libnet.so
7fe8933da000-7fe8935da000 ---p 00016000 08:01 11141253                   /usr/java/jdk1.7.0_55/jre/lib/amd64/libnet.so
7fe8935da000-7fe8935db000 rw-p 00016000 08:01 11141253                   /usr/java/jdk1.7.0_55/jre/lib/amd64/libnet.so
7fe8935db000-7fe8935eb000 r-xp 00000000 08:01 11141302                   /usr/java/jdk1.7.0_55/jre/lib/amd64/libnio.so
7fe8935eb000-7fe8937eb000 ---p 00010000 08:01 11141302                   /usr/java/jdk1.7.0_55/jre/lib/amd64/libnio.so
7fe8937eb000-7fe8937ec000 rw-p 00010000 08:01 11141302                   /usr/java/jdk1.7.0_55/jre/lib/amd64/libnio.so
7fe8937ec000-7fe894000000 r--p 00000000 08:01 5773954                    /usr/lib/locale/locale-archive
7fe894000000-7fe89402f000 rw-p 00000000 00:00 0 
7fe89402f000-7fe898000000 ---p 00000000 00:00 0 
7fe898000000-7fe898001000 r--s 00002000 08:01 13507113                   /home/dimad/.m2/repository/softmotions/softmotions-web-realms/1.0-SNAPSHOT/softmotions-web-realms-1.0-SNAPSHOT.jar
7fe898001000-7fe898005000 r--s 00036000 08:01 13507645                   /home/dimad/.m2/repository/org/apache/tomcat/tomcat-dbcp/7.0.52/tomcat-dbcp-7.0.52.jar
7fe898005000-7fe898007000 r--s 0001d000 08:01 13507647                   /home/dimad/.m2/repository/org/apache/tomcat/tomcat-jdbc/7.0.52/tomcat-jdbc-7.0.52.jar
7fe898007000-7fe898008000 r--s 00001000 08:01 13507096                   /home/dimad/.m2/repository/org/apache/tomcat/tomcat-api/7.0.52/tomcat-api-7.0.52.jar
7fe898008000-7fe898015000 r--s 000bf000 08:01 13507644                   /home/dimad/.m2/repository/org/apache/tomcat/tomcat-coyote/7.0.52/tomcat-coyote-7.0.52.jar
7fe898015000-7fe898016000 r--s 00007000 08:01 13507098                   /home/dimad/.m2/repository/org/apache/tomcat/tomcat-util/7.0.52/tomcat-util-7.0.52.jar
7fe898016000-7fe898018000 r--s 0001a000 08:01 13507465                   /home/dimad/.m2/repository/org/apache/tomcat/maven/tomcat7-maven-plugin/2.3-SNAPSHOT/tomcat7-maven-plugin-2.3-SNAPSHOT.jar
7fe898018000-7fe89801b000 r--s 0001b000 08:01 11927738                   /home/dimad/.m2/repository/junit/junit/3.8.2/junit-3.8.2.jar
7fe89801b000-7fe898029000 r--s 0008f000 08:01 11927737                   /home/dimad/.m2/repository/com/google/collections/google-collections/1.0/google-collections-1.0.jar
7fe898029000-7fe89802a000 r--s 0000a000 08:01 11927736                   /home/dimad/.m2/repository/commons-logging/commons-logging-api/1.1/commons-logging-api-1.1.jar
7fe89802a000-7fe898031000 r--s 00051000 08:01 11927735                   /home/dimad/.m2/repository/log4j/log4j/1.2.12/log4j-1.2.12.jar
7fe898031000-7fe898035000 r--s 0001d000 08:01 11927734                   /home/dimad/.m2/repository/org/apache/xbean/xbean-reflect/3.4/xbean-reflect-3.4.jar
7fe898035000-7fe898036000 r--s 00004000 08:01 11927733                   /home/dimad/.m2/repository/org/codehaus/plexus/plexus-compiler-javac/2.2/plexus-compiler-javac-2.2.jar
7fe898036000-7fe898038000 r--s 00000000 08:01 11798341                   /home/dimad/.m2/repository/org/codehaus/plexus/plexus-compiler-manager/2.2/plexus-compiler-manager-2.2.jar
7fe898038000-7fe89803a000 r--s 00005000 08:01 11927732                   /home/dimad/.m2/repository/org/codehaus/plexus/plexus-compiler-api/2.2/plexus-compiler-api-2.2.jar
7fe89803a000-7fe89803c000 r--s 00000000 08:01 11927731                   /home/dimad/.m2/repository/org/codehaus/plexus/plexus-component-annotations/1.5.5/plexus-component-annotations-1.5.5.jar
7fe89803c000-7fe89803e000 r--s 00002000 08:01 11798340                   /home/dimad/.m2/repository/org/apache/maven/shared/maven-shared-incremental/1.1/maven-shared-incremental-1.1.jar
7fe89803e000-7fe898040000 r--s 00006000 08:01 11798339                   /home/dimad/.m2/repository/com/google/code/findbugs/jsr305/2.0.1/jsr305-2.0.1.jar
7fe898040000-7fe898043000 r--s 00023000 08:01 11798338                   /home/dimad/.m2/repository/org/apache/maven/shared/maven-shared-utils/0.1/maven-shared-utils-0.1.jar
7fe898043000-7fe898047000 r--s 00030000 08:01 11798337                   /home/dimad/.m2/repository/org/codehaus/plexus/plexus-utils/1.5.1/plexus-utils-1.5.1.jar
7fe898047000-7fe898049000 r--s 00009000 08:01 11406904                   /home/dimad/.m2/repository/org/apache/maven/plugins/maven-compiler-plugin/3.1/maven-compiler-plugin-3.1.jar
7fe898049000-7fe89804b000 r--s 0000d000 08:01 11798144                   /home/dimad/.m2/repository/org/codehaus/plexus/plexus-interpolation/1.13/plexus-interpolation-1.13.jar
7fe89804b000-7fe89804c000 r--s 00001000 08:01 11798143                   /home/dimad/.m2/repository/org/sonatype/plexus/plexus-build-api/0.0.4/plexus-build-api-0.0.4.jar
7fe89804c000-7fe89804e000 r--s 00009000 08:01 11797463                   /home/dimad/.m2/repository/org/apache/maven/shared/maven-filtering/1.1/maven-filtering-1.1.jar
7fe89804e000-7fe898052000 r--s 00033000 08:01 11797932                   /home/dimad/.m2/repository/org/codehaus/plexus/plexus-utils/2.0.5/plexus-utils-2.0.5.jar
7fe898052000-7fe898055000 r--s 0001b000 08:01 11798141                   /home/dimad/.m2/repository/junit/junit/3.8.1/junit-3.8.1.jar
7fe898055000-7fe898057000 r--s 00002000 08:01 11798140                   /home/dimad/.m2/repository/org/codehaus/plexus/plexus-interactivity-api/1.0-alpha-4/plexus-interactivity-api-1.0-alpha-4.jar
7fe898057000-7fe898059000 r--s 00006000 08:01 11798139                   /home/dimad/.m2/repository/commons-cli/commons-cli/1.0/commons-cli-1.0.jar
7fe898059000-7fe89805a000 r--s 00001000 08:01 11798138                   /home/dimad/.m2/repository/org/apache/maven/doxia/doxia-sink-api/1.0-alpha-7/doxia-sink-api-1.0-alpha-7.jar
7fe89805a000-7fe89805b000 r--s 00002000 08:01 11798137                   /home/dimad/.m2/repository/org/apache/maven/reporting/maven-reporting-api/2.0.6/maven-reporting-api-2.0.6.jar
7fe89805b000-7fe89805d000 r--s 00006000 08:01 12586790                   /home/dimad/.m2/repository/org/apache/maven/plugins/maven-resources-plugin/2.6/maven-resources-plugin-2.6.jar
7fe89805d000-7fe89805e000 r--s 00002000 08:01 11929679                   /home/dimad/.m2/repository/org/codehaus/plexus/plexus-interactivity-api/1.0-alpha-6/plexus-interactivity-api-1.0-alpha-6.jar
7fe89805e000-7fe898060000 r--s 00005000 08:01 13238766                   /home/dimad/.m2/repository/org/apache/maven/wagon/wagon-ssh-common/2.6/wagon-ssh-common-2.6.jar
7fe898060000-7fe898064000 r--s 00035000 08:01 11929661                   /home/dimad/.m2/repository/org/codehaus/plexus/plexus-utils/3.0.8/plexus-utils-3.0.8.jar
7fe898064000-7fe898066000 r--s 00000000 08:01 13238763                   /home/dimad/.m2/repository/com/jcraft/jsch.agentproxy.jsch/0.0.6/jsch.agentproxy.jsch-0.0.6.jar
7fe898066000-7fe898067000 r--s 00001000 08:01 13238762                   /home/dimad/.m2/repository/com/jcraft/jsch.agentproxy.pageant/0.0.6/jsch.agentproxy.pageant-0.0.6.jar
7fe898067000-7fe898069000 r--s 00000000 08:01 13238758                   /home/dimad/.m2/repository/com/jcraft/jsch.agentproxy.sshagent/0.0.6/jsch.agentproxy.sshagent-0.0.6.jar
7fe898069000-7fe89806a000 r--s 00001000 08:01 13238759                   /home/dimad/.m2/repository/com/jcraft/jsch.agentproxy.usocket-nc/0.0.6/jsch.agentproxy.usocket-nc-0.0.6.jar
7fe89806a000-7fe898075000 r--s 000d5000 08:01 13238757                   /home/dimad/.m2/repository/net/java/dev/jna/platform/3.4.0/platform-3.4.0.jar
7fe898075000-7fe898079000 r--s 000f3000 08:01 13238756                   /home/dimad/.m2/repository/net/java/dev/jna/jna/3.4.0/jna-3.4.0.jar
7fe898079000-7fe89807a000 r--s 00001000 08:01 13238754                   /home/dimad/.m2/repository/com/jcraft/jsch.agentproxy.usocket-jna/0.0.6/jsch.agentproxy.usocket-jna-0.0.6.jar
7fe89807a000-7fe89807c000 r--s 00001000 08:01 12979752                   /home/dimad/.m2/repository/com/jcraft/jsch.agentproxy.core/0.0.6/jsch.agentproxy.core-0.0.6.jar
7fe89807c000-7fe89807d000 r--s 00002000 08:01 12455417                   /home/dimad/.m2/repository/com/jcraft/jsch.agentproxy.connector-factory/0.0.6/jsch.agentproxy.connector-factory-0.0.6.jar
7fe89807d000-7fe898081000 r--s 0003b000 08:01 12190123                   /home/dimad/.m2/repository/com/jcraft/jsch/0.1.50/jsch-0.1.50.jar
7fe898081000-7fe898083000 r--s 00006000 08:01 11800576                   /home/dimad/.m2/repository/org/apache/maven/wagon/wagon-ssh/2.6/wagon-ssh-2.6.jar
7fe898083000-7fe898087000 r--s 0008a000 08:01 11014079                   /usr/java/jdk1.7.0_55/jre/lib/jsse.jar
7fe898087000-7fe8980b8000 rw-p 00000000 00:00 0 
7fe8980b8000-7fe8980ba000 r--s 00003000 08:01 6564105                    /usr/share/maven3/lib/aether-spi-0.9.0.M2.jar
7fe8980ba000-7fe8980bb000 r--s 00002000 08:01 6564134                    /usr/share/maven3/lib/slf4j-simple-1.7.5.jar
7fe8980bb000-7fe8980be000 r--s 0000b000 08:01 6564142                    /usr/share/maven3/lib/maven-artifact-3.2.1.jar
7fe8980be000-7fe8980c3000 r--s 00041000 08:01 6564139                    /usr/share/maven3/lib/commons-lang-2.6.jar
7fe8980c3000-7fe8980c5000 r--s 0000a000 08:01 6564102                    /usr/share/maven3/lib/maven-plugin-api-3.2.1.jar
7fe8980c5000-7fe8980c9000 r--s 0001d000 08:01 6564096                    /usr/share/maven3/lib/aether-api-0.9.0.M2.jar
7fe8980c9000-7fe8980cb000 r--s 00009000 08:01 6564120                    /usr/share/maven3/lib/maven-settings-3.2.1.jar
7fe8980cb000-7fe8980ce000 r--s 00025000 08:01 6564110                    /usr/share/maven3/lib/maven-model-3.2.1.jar
7fe8980ce000-7fe8980d0000 r--s 00005000 08:01 6564133                    /usr/share/maven3/lib/maven-repository-metadata-3.2.1.jar
7fe8980d0000-7fe8980d1000 r--s 0000e000 08:01 6564104                    /usr/share/maven3/lib/maven-aether-provider-3.2.1.jar
7fe8980d1000-7fe8980d5000 r--s 0001d000 08:01 6564128                    /usr/share/maven3/lib/aether-util-0.9.0.M2.jar
7fe8980d5000-7fe8980e1000 r--s 00081000 08:01 6564137                    /usr/share/maven3/lib/maven-core-3.2.1.jar
7fe8980e1000-7fe8980e3000 r--s 00009000 08:01 6564130                    /usr/share/maven3/lib/commons-cli-1.2.jar
7fe8980e3000-7fe8980e9000 r--s 00042000 08:01 6564135                    /usr/share/maven3/lib/org.eclipse.sisu.inject-0.0.0.M5.jar
7fe8980e9000-7fe8980f1000 r--s 00050000 08:01 6564113                    /usr/share/maven3/lib/sisu-guice-3.1.3-no_aop.jar
7fe8980f1000-7fe8980f2000 ---p 00000000 00:00 0 
7fe8980f2000-7fe8981f2000 rw-p 00000000 00:00 0                          [stack:9242]
7fe8981f2000-7fe8981f5000 ---p 00000000 00:00 0 
7fe8981f5000-7fe8982f3000 rw-p 00000000 00:00 0                          [stack:9241]
7fe8982f3000-7fe8982f6000 ---p 00000000 00:00 0 
7fe8982f6000-7fe8983f4000 rw-p 00000000 00:00 0                          [stack:9240]
7fe8983f4000-7fe8983f7000 ---p 00000000 00:00 0 
7fe8983f7000-7fe8984f5000 rw-p 00000000 00:00 0                          [stack:9239]
7fe8984f5000-7fe8984f8000 ---p 00000000 00:00 0 
7fe8984f8000-7fe8985f6000 rw-p 00000000 00:00 0                          [stack:9238]
7fe8985f6000-7fe8985f9000 ---p 00000000 00:00 0 
7fe8985f9000-7fe8986f7000 rw-p 00000000 00:00 0                          [stack:9237]
7fe8986f7000-7fe8986fa000 ---p 00000000 00:00 0 
7fe8986fa000-7fe8987f8000 rw-p 00000000 00:00 0                          [stack:9236]
7fe8987f8000-7fe8987f9000 ---p 00000000 00:00 0 
7fe8987f9000-7fe899000000 rw-p 00000000 00:00 0                          [stack:9235]
7fe899000000-7fe899350000 rwxp 00000000 00:00 0 
7fe899350000-7fe89c9a3000 rw-p 00000000 00:00 0 
7fe89c9a3000-7fe8a0000000 ---p 00000000 00:00 0 
7fe8a0000000-7fe8a0001000 r--s 00000000 08:01 6564147                    /usr/share/maven3/lib/javax.inject-1.jar
7fe8a0001000-7fe8a0005000 r--s 00020000 08:01 6564111                    /usr/share/maven3/lib/aether-impl-0.9.0.M2.jar
7fe8a0005000-7fe8a0008000 r--s 0000d000 08:01 6564116                    /usr/share/maven3/lib/plexus-interpolation-1.19.jar
7fe8a0008000-7fe8a0031000 r--s 001ee000 08:01 6564125                    /usr/share/maven3/lib/guava-14.0.1.jar
7fe8a0031000-7fe8a0038000 r--s 0003f000 08:01 6564123                    /usr/share/maven3/lib/maven-compat-3.2.1.jar
7fe8a0038000-7fe8a003d000 r--s 00024000 08:01 6564144                    /usr/share/maven3/lib/maven-model-builder-3.2.1.jar
7fe8a003d000-7fe8a005c000 r--s 00134000 08:01 6564106                    /usr/share/maven3/lib/wagon-http-2.6-shaded.jar
7fe8a005c000-7fe8a030c000 rw-p 00000000 00:00 0 
7fe8a030c000-7fe8a04ca000 r--s 039d0000 08:01 11013987                   /usr/java/jdk1.7.0_55/jre/lib/rt.jar
7fe8a04ca000-7fe8a09fa000 rw-p 00000000 00:00 0 
7fe8a09fa000-7fe8a09fb000 ---p 00000000 00:00 0 
7fe8a09fb000-7fe8a0afb000 rw-p 00000000 00:00 0                          [stack:9234]
7fe8a0afb000-7fe8a0afc000 ---p 00000000 00:00 0 
7fe8a0afc000-7fe8a0c17000 rw-p 00000000 00:00 0                          [stack:9233]
7fe8a0c17000-7fe8a0c25000 rw-p 00000000 00:00 0 
7fe8a0c25000-7fe8a0c4f000 rw-p 00000000 00:00 0 
7fe8a0c4f000-7fe8a0ebe000 rw-p 00000000 00:00 0 
7fe8a0ebe000-7fe8a0ed9000 rw-p 00000000 00:00 0 
7fe8a0ed9000-7fe8a0ee7000 rw-p 00000000 00:00 0 
7fe8a0ee7000-7fe8a0f11000 rw-p 00000000 00:00 0 
7fe8a0f11000-7fe8a117f000 rw-p 00000000 00:00 0 
7fe8a117f000-7fe8a125e000 rw-p 00000000 00:00 0 
7fe8a125e000-7fe8a12cc000 rw-p 00000000 00:00 0 
7fe8a12cc000-7fe8a12cd000 rw-p 00000000 00:00 0 
7fe8a12cd000-7fe8a12e7000 r-xp 00000000 08:01 11141278                   /usr/java/jdk1.7.0_55/jre/lib/amd64/libzip.so
7fe8a12e7000-7fe8a14e7000 ---p 0001a000 08:01 11141278                   /usr/java/jdk1.7.0_55/jre/lib/amd64/libzip.so
7fe8a14e7000-7fe8a14e8000 rw-p 0001a000 08:01 11141278                   /usr/java/jdk1.7.0_55/jre/lib/amd64/libzip.so
7fe8a14e8000-7fe8a14f3000 r-xp 00000000 08:01 6033335                    /lib/x86_64-linux-gnu/libnss_files-2.19.so
7fe8a14f3000-7fe8a16f2000 ---p 0000b000 08:01 6033335                    /lib/x86_64-linux-gnu/libnss_files-2.19.so
7fe8a16f2000-7fe8a16f3000 r--p 0000a000 08:01 6033335                    /lib/x86_64-linux-gnu/libnss_files-2.19.so
7fe8a16f3000-7fe8a16f4000 rw-p 0000b000 08:01 6033335                    /lib/x86_64-linux-gnu/libnss_files-2.19.so
7fe8a16f4000-7fe8a16ff000 r-xp 00000000 08:01 6033345                    /lib/x86_64-linux-gnu/libnss_nis-2.19.so
7fe8a16ff000-7fe8a18fe000 ---p 0000b000 08:01 6033345                    /lib/x86_64-linux-gnu/libnss_nis-2.19.so
7fe8a18fe000-7fe8a18ff000 r--p 0000a000 08:01 6033345                    /lib/x86_64-linux-gnu/libnss_nis-2.19.so
7fe8a18ff000-7fe8a1900000 rw-p 0000b000 08:01 6033345                    /lib/x86_64-linux-gnu/libnss_nis-2.19.so
7fe8a1900000-7fe8a1917000 r-xp 00000000 08:01 6033329                    /lib/x86_64-linux-gnu/libnsl-2.19.so
7fe8a1917000-7fe8a1b16000 ---p 00017000 08:01 6033329                    /lib/x86_64-linux-gnu/libnsl-2.19.so
7fe8a1b16000-7fe8a1b17000 r--p 00016000 08:01 6033329                    /lib/x86_64-linux-gnu/libnsl-2.19.so
7fe8a1b17000-7fe8a1b18000 rw-p 00017000 08:01 6033329                    /lib/x86_64-linux-gnu/libnsl-2.19.so
7fe8a1b18000-7fe8a1b1a000 rw-p 00000000 00:00 0 
7fe8a1b1a000-7fe8a1b23000 r-xp 00000000 08:01 6033331                    /lib/x86_64-linux-gnu/libnss_compat-2.19.so
7fe8a1b23000-7fe8a1d22000 ---p 00009000 08:01 6033331                    /lib/x86_64-linux-gnu/libnss_compat-2.19.so
7fe8a1d22000-7fe8a1d23000 r--p 00008000 08:01 6033331                    /lib/x86_64-linux-gnu/libnss_compat-2.19.so
7fe8a1d23000-7fe8a1d24000 rw-p 00009000 08:01 6033331                    /lib/x86_64-linux-gnu/libnss_compat-2.19.so
7fe8a1d24000-7fe8a1d4d000 r-xp 00000000 08:01 11141269                   /usr/java/jdk1.7.0_55/jre/lib/amd64/libjava.so
7fe8a1d4d000-7fe8a1f4d000 ---p 00029000 08:01 11141269                   /usr/java/jdk1.7.0_55/jre/lib/amd64/libjava.so
7fe8a1f4d000-7fe8a1f4f000 rw-p 00029000 08:01 11141269                   /usr/java/jdk1.7.0_55/jre/lib/amd64/libjava.so
7fe8a1f4f000-7fe8a1f5c000 r-xp 00000000 08:01 11141258                   /usr/java/jdk1.7.0_55/jre/lib/amd64/libverify.so
7fe8a1f5c000-7fe8a215b000 ---p 0000d000 08:01 11141258                   /usr/java/jdk1.7.0_55/jre/lib/amd64/libverify.so
7fe8a215b000-7fe8a215d000 rw-p 0000c000 08:01 11141258                   /usr/java/jdk1.7.0_55/jre/lib/amd64/libverify.so
7fe8a215d000-7fe8a2164000 r-xp 00000000 08:01 6033388                    /lib/x86_64-linux-gnu/librt-2.19.so
7fe8a2164000-7fe8a2363000 ---p 00007000 08:01 6033388                    /lib/x86_64-linux-gnu/librt-2.19.so
7fe8a2363000-7fe8a2364000 r--p 00006000 08:01 6033388                    /lib/x86_64-linux-gnu/librt-2.19.so
7fe8a2364000-7fe8a2365000 rw-p 00007000 08:01 6033388                    /lib/x86_64-linux-gnu/librt-2.19.so
7fe8a2365000-7fe8a246a000 r-xp 00000000 08:01 6033310                    /lib/x86_64-linux-gnu/libm-2.19.so
7fe8a246a000-7fe8a2669000 ---p 00105000 08:01 6033310                    /lib/x86_64-linux-gnu/libm-2.19.so
7fe8a2669000-7fe8a266a000 r--p 00104000 08:01 6033310                    /lib/x86_64-linux-gnu/libm-2.19.so
7fe8a266a000-7fe8a266b000 rw-p 00105000 08:01 6033310                    /lib/x86_64-linux-gnu/libm-2.19.so
7fe8a266b000-7fe8a31cd000 r-xp 00000000 08:01 11141276                   /usr/java/jdk1.7.0_55/jre/lib/amd64/server/libjvm.so
7fe8a31cd000-7fe8a33cd000 ---p 00b62000 08:01 11141276                   /usr/java/jdk1.7.0_55/jre/lib/amd64/server/libjvm.so
7fe8a33cd000-7fe8a3490000 rw-p 00b62000 08:01 11141276                   /usr/java/jdk1.7.0_55/jre/lib/amd64/server/libjvm.so
7fe8a3490000-7fe8a34d1000 rw-p 00000000 00:00 0 
7fe8a34d1000-7fe8a368d000 r-xp 00000000 08:01 6033260                    /lib/x86_64-linux-gnu/libc-2.19.so
7fe8a368d000-7fe8a388c000 ---p 001bc000 08:01 6033260                    /lib/x86_64-linux-gnu/libc-2.19.so
7fe8a388c000-7fe8a3890000 r--p 001bb000 08:01 6033260                    /lib/x86_64-linux-gnu/libc-2.19.so
7fe8a3890000-7fe8a3892000 rw-p 001bf000 08:01 6033260                    /lib/x86_64-linux-gnu/libc-2.19.so
7fe8a3892000-7fe8a3897000 rw-p 00000000 00:00 0 
7fe8a3897000-7fe8a389a000 r-xp 00000000 08:01 6033277                    /lib/x86_64-linux-gnu/libdl-2.19.so
7fe8a389a000-7fe8a3a99000 ---p 00003000 08:01 6033277                    /lib/x86_64-linux-gnu/libdl-2.19.so
7fe8a3a99000-7fe8a3a9a000 r--p 00002000 08:01 6033277                    /lib/x86_64-linux-gnu/libdl-2.19.so
7fe8a3a9a000-7fe8a3a9b000 rw-p 00003000 08:01 6033277                    /lib/x86_64-linux-gnu/libdl-2.19.so
7fe8a3a9b000-7fe8a3ab1000 r-xp 00000000 08:01 11013084                   /usr/java/jdk1.7.0_55/lib/amd64/jli/libjli.so
7fe8a3ab1000-7fe8a3cb1000 ---p 00016000 08:01 11013084                   /usr/java/jdk1.7.0_55/lib/amd64/jli/libjli.so
7fe8a3cb1000-7fe8a3cb2000 rw-p 00016000 08:01 11013084                   /usr/java/jdk1.7.0_55/lib/amd64/jli/libjli.so
7fe8a3cb2000-7fe8a3ccb000 r-xp 00000000 08:01 6033380                    /lib/x86_64-linux-gnu/libpthread-2.19.so
7fe8a3ccb000-7fe8a3eca000 ---p 00019000 08:01 6033380                    /lib/x86_64-linux-gnu/libpthread-2.19.so
7fe8a3eca000-7fe8a3ecb000 r--p 00018000 08:01 6033380                    /lib/x86_64-linux-gnu/libpthread-2.19.so
7fe8a3ecb000-7fe8a3ecc000 rw-p 00019000 08:01 6033380                    /lib/x86_64-linux-gnu/libpthread-2.19.so
7fe8a3ecc000-7fe8a3ed0000 rw-p 00000000 00:00 0 
7fe8a3ed0000-7fe8a3ef3000 r-xp 00000000 08:01 6033236                    /lib/x86_64-linux-gnu/ld-2.19.so
7fe8a3ef3000-7fe8a3ef5000 r--s 00009000 08:01 6564114                    /usr/share/maven3/lib/maven-settings-builder-3.2.1.jar
7fe8a3ef5000-7fe8a3ef7000 r--s 00000000 08:01 6564119                    /usr/share/maven3/lib/aopalliance-1.0.jar
7fe8a3ef7000-7fe8a3ef8000 r--s 00002000 08:01 6564148                    /usr/share/maven3/lib/wagon-http-shared-2.6.jar
7fe8a3ef8000-7fe8a3efe000 r--s 00042000 08:01 6564100                    /usr/share/maven3/lib/jsoup-1.7.2.jar
7fe8a3efe000-7fe8a3f01000 r--s 00008000 08:01 6564108                    /usr/share/maven3/lib/cdi-api-1.0.jar
7fe8a3f01000-7fe8a3f05000 r--s 0003a000 08:01 6564143                    /usr/share/maven3/lib/plexus-utils-3.0.17.jar
7fe8a3f05000-7fe8a3f09000 r--s 00027000 08:01 6564097                    /usr/share/maven3/lib/commons-io-2.2.jar
7fe8a3f09000-7fe8a3f17000 rw-p 00000000 00:00 0 
7fe8a3f17000-7fe8a3fc9000 rw-p 00000000 00:00 0 
7fe8a3fc9000-7fe8a3fcc000 ---p 00000000 00:00 0 
7fe8a3fcc000-7fe8a40ce000 rw-p 00000000 00:00 0                          [stack:9232]
7fe8a40ce000-7fe8a40cf000 r--s 00006000 08:01 6564098                    /usr/share/maven3/lib/plexus-sec-dispatcher-1.3.jar
7fe8a40cf000-7fe8a40d1000 r--s 00007000 08:01 6564112                    /usr/share/maven3/lib/aether-connector-wagon-0.9.0.M2.jar
7fe8a40d1000-7fe8a40d7000 r--s 0002a000 08:01 6564095                    /usr/share/maven3/lib/org.eclipse.sisu.plexus-0.0.0.M5.jar
7fe8a40d7000-7fe8a40d9000 r--s 00002000 08:01 6564122                    /usr/share/maven3/lib/plexus-cipher-1.7.jar
7fe8a40d9000-7fe8a40db000 r--s 00000000 08:01 6564107                    /usr/share/maven3/lib/plexus-component-annotations-1.5.5.jar
7fe8a40db000-7fe8a40dc000 r--s 00001000 08:01 6564115                    /usr/share/maven3/lib/jsr250-api-1.0.jar
7fe8a40dc000-7fe8a40dd000 r--s 00002000 08:01 6564099                    /usr/share/maven3/lib/wagon-file-2.6.jar
7fe8a40dd000-7fe8a40df000 r--s 0000b000 08:01 6564145                    /usr/share/maven3/lib/wagon-provider-api-2.6.jar
7fe8a40df000-7fe8a40e1000 r--s 0000d000 08:01 6564117                    /usr/share/maven3/lib/maven-embedder-3.2.1.jar
7fe8a40e1000-7fe8a40e3000 r--s 00005000 08:01 6564136                    /usr/share/maven3/lib/slf4j-api-1.7.5.jar
7fe8a40e3000-7fe8a40e6000 r--s 0000a000 08:01 6564151                    /usr/share/maven3/boot/plexus-classworlds-2.5.1.jar
7fe8a40e6000-7fe8a40ee000 rw-s 00000000 08:01 14681220                   /tmp/hsperfdata_dimad/9217
7fe8a40ee000-7fe8a40ef000 rw-p 00000000 00:00 0 
7fe8a40ef000-7fe8a40f0000 r--p 00000000 00:00 0 
7fe8a40f0000-7fe8a40f2000 rw-p 00000000 00:00 0 
7fe8a40f2000-7fe8a40f3000 r--p 00022000 08:01 6033236                    /lib/x86_64-linux-gnu/ld-2.19.so
7fe8a40f3000-7fe8a40f4000 rw-p 00023000 08:01 6033236                    /lib/x86_64-linux-gnu/ld-2.19.so
7fe8a40f4000-7fe8a40f5000 rw-p 00000000 00:00 0 
7fff1d6d0000-7fff1d6f1000 rw-p 00000000 00:00 0                          [stack]
7fff1d7fe000-7fff1d800000 r-xp 00000000 00:00 0                          [vdso]
ffffffffff600000-ffffffffff601000 r-xp 00000000 00:00 0                  [vsyscall]

VM Arguments:
jvm_args: -Dclassworlds.conf=/usr/share/maven3/bin/m2.conf -Dmaven.home=/usr/share/maven3 
java_command: org.codehaus.plexus.classworlds.launcher.Launcher -Pqxdev tomcat7:run
Launcher Type: SUN_STANDARD

Environment Variables:
JAVA_HOME=/usr/java/jdk1.7.0_55/bin/java
PATH=/usr/java/jdk1.7.0_55/bin:/home/dimad/ant/bin:/home/dimad/bin::/usr/bin:/bin
SHELL=/bin/bash
DISPLAY=:0.0

Signal Handlers:
SIGSEGV: [libjvm.so+0x993980], sa_mask[0]=0x7ffbfeff, sa_flags=0x10000004
SIGBUS: [libjvm.so+0x993980], sa_mask[0]=0x7ffbfeff, sa_flags=0x10000004
SIGFPE: [libjvm.so+0x8106e0], sa_mask[0]=0x7ffbfeff, sa_flags=0x10000004
SIGPIPE: [libjvm.so+0x8106e0], sa_mask[0]=0x7ffbfeff, sa_flags=0x10000004
SIGXFSZ: [libjvm.so+0x8106e0], sa_mask[0]=0x7ffbfeff, sa_flags=0x10000004
SIGILL: [libjvm.so+0x8106e0], sa_mask[0]=0x7ffbfeff, sa_flags=0x10000004
SIGUSR1: SIG_DFL, sa_mask[0]=0x00000000, sa_flags=0x00000000
SIGUSR2: [libjvm.so+0x811bd0], sa_mask[0]=0x00000000, sa_flags=0x10000004
SIGHUP: [libjvm.so+0x812b40], sa_mask[0]=0x7ffbfeff, sa_flags=0x10000004
SIGINT: [libjvm.so+0x812b40], sa_mask[0]=0x7ffbfeff, sa_flags=0x10000004
SIGTERM: [libjvm.so+0x812b40], sa_mask[0]=0x7ffbfeff, sa_flags=0x10000004
SIGQUIT: [libjvm.so+0x812b40], sa_mask[0]=0x7ffbfeff, sa_flags=0x10000004


---------------  S Y S T E M  ---------------

OS:jessie/sid

uname:Linux 3.13.0-24-generic #46-Ubuntu SMP Thu Apr 10 19:11:08 UTC 2014 x86_64
libc:glibc 2.19 NPTL 2.19 
rlimit: STACK 8192k, CORE 0k, NPROC 63633, NOFILE 4096, AS infinity
load average:1,05 0,64 0,50

/proc/meminfo:
MemTotal:        8166600 kB
MemFree:          498888 kB
Buffers:          116768 kB
Cached:          2647516 kB
SwapCached:         1464 kB
Active:          4746016 kB
Inactive:        2534920 kB
Active(anon):    3579288 kB
Inactive(anon):  1156604 kB
Active(file):    1166728 kB
Inactive(file):  1378316 kB
Unevictable:          32 kB
Mlocked:              32 kB
SwapTotal:       8376316 kB
SwapFree:        8363648 kB
Dirty:              3652 kB
Writeback:             0 kB
AnonPages:       4515584 kB
Mapped:           251380 kB
Shmem:            219012 kB
Slab:             253900 kB
SReclaimable:     219960 kB
SUnreclaim:        33940 kB
KernelStack:        5544 kB
PageTables:        45908 kB
NFS_Unstable:          0 kB
Bounce:                0 kB
WritebackTmp:          0 kB
CommitLimit:    12459616 kB
Committed_AS:    8078392 kB
VmallocTotal:   34359738367 kB
VmallocUsed:      432132 kB
VmallocChunk:   34359295024 kB
HardwareCorrupted:     0 kB
AnonHugePages:   2795520 kB
HugePages_Total:       0
HugePages_Free:        0
HugePages_Rsvd:        0
HugePages_Surp:        0
Hugepagesize:       2048 kB
DirectMap4k:       96268 kB
DirectMap2M:     8282112 kB


CPU:total 2 (2 cores per cpu, 1 threads per core) family 6 model 23 stepping 6, cmov, cx8, fxsr, mmx, sse, sse2, sse3, ssse3, sse4.1, tsc

/proc/cpuinfo:
processor	: 0
vendor_id	: GenuineIntel
cpu family	: 6
model		: 23
model name	: Intel(R) Core(TM)2 Duo CPU     E8400  @ 3.00GHz
stepping	: 6
microcode	: 0x60c
cpu MHz		: 2997.000
cache size	: 6144 KB
physical id	: 0
siblings	: 2
core id		: 0
cpu cores	: 2
apicid		: 0
initial apicid	: 0
fpu		: yes
fpu_exception	: yes
cpuid level	: 10
wp		: yes
flags		: fpu vme de pse tsc msr pae mce cx8 apic sep mtrr pge mca cmov pat pse36 clflush dts acpi mmx fxsr sse sse2 ss ht tm pbe syscall nx lm constant_tsc arch_perfmon pebs bts rep_good nopl aperfmperf pni dtes64 monitor ds_cpl vmx smx est tm2 ssse3 cx16 xtpr pdcm sse4_1 lahf_lm dtherm tpr_shadow vnmi flexpriority
bogomips	: 5965.54
clflush size	: 64
cache_alignment	: 64
address sizes	: 36 bits physical, 48 bits virtual
power management:

processor	: 1
vendor_id	: GenuineIntel
cpu family	: 6
model		: 23
model name	: Intel(R) Core(TM)2 Duo CPU     E8400  @ 3.00GHz
stepping	: 6
microcode	: 0x60c
cpu MHz		: 2997.000
cache size	: 6144 KB
physical id	: 0
siblings	: 2
core id		: 1
cpu cores	: 2
apicid		: 1
initial apicid	: 1
fpu		: yes
fpu_exception	: yes
cpuid level	: 10
wp		: yes
flags		: fpu vme de pse tsc msr pae mce cx8 apic sep mtrr pge mca cmov pat pse36 clflush dts acpi mmx fxsr sse sse2 ss ht tm pbe syscall nx lm constant_tsc arch_perfmon pebs bts rep_good nopl aperfmperf pni dtes64 monitor ds_cpl vmx smx est tm2 ssse3 cx16 xtpr pdcm sse4_1 lahf_lm dtherm tpr_shadow vnmi flexpriority
bogomips	: 5965.54
clflush size	: 64
cache_alignment	: 64
address sizes	: 36 bits physical, 48 bits virtual
power management:



Memory: 4k page, physical 8166600k(498888k free), swap 8376316k(8363648k free)

vm_info: Java HotSpot(TM) 64-Bit Server VM (24.55-b03) for linux-amd64 JRE (1.7.0_55-b13), built on Mar 17 2014 19:43:58 by "java_re" with gcc 4.3.0 20080428 (Red Hat 4.3.0-8)

time: Wed May  7 14:39:45 2014
elapsed time: 38 seconds

